#
# There is insufficient memory for the Java Runtime Environment to continue.
# Native memory allocation (malloc) failed to allocate 1048576 bytes. Error detail: AllocateHeap
# Possible reasons:
#   The system is out of physical RAM or swap space
#   This process is running with CompressedOops enabled, and the Java Heap may be blocking the growth of the native heap
# Possible solutions:
#   Reduce memory load on the system
#   Increase physical memory or swap space
#   Check if swap backing store is full
#   Decrease Java heap size (-Xmx/-Xms)
#   Decrease number of Java threads
#   Decrease Java thread stack sizes (-Xss)
#   Set larger code cache with -XX:ReservedCodeCacheSize=
#   JVM is running with Unscaled Compressed Oops mode in which the Java heap is
#     placed in the first 4GB address space. The Java Heap base address is the
#     maximum limit for the native heap growth. Please use -XX:HeapBaseMinAddress
#     to set the Java Heap base and to place the Java Heap above 4GB virtual address.
# This output file may be truncated or incomplete.
#
#  Out of Memory Error (allocation.cpp:44), pid=16740, tid=23748
#
# JRE version:  (21.0.11+10) (build )
# Java VM: OpenJDK 64-Bit Server VM (21.0.11+10-LTS, mixed mode, tiered, compressed oops, compressed class ptrs, parallel gc, windows-amd64)
# No core dump will be written. Minidumps are not enabled by default on client versions of Windows
#

---------------  S U M M A R Y ------------

Command Line: --add-modules=ALL-SYSTEM --add-opens=java.base/java.util=ALL-UNNAMED --add-opens=java.base/java.lang=ALL-UNNAMED --add-opens=java.base/sun.nio.fs=ALL-UNNAMED -Declipse.application=org.eclipse.jdt.ls.core.id1 -Dosgi.bundles.defaultStartLevel=4 -Declipse.product=org.eclipse.jdt.ls.core.product -Djava.import.generatesMetadataFilesAtProjectRoot=false -DDetectVMInstallationsJob.disabled=true -Dfile.encoding=utf8 -XX:+UseParallelGC -XX:GCTimeRatio=4 -XX:AdaptiveSizePolicyWeight=90 -Dsun.zip.disableMemoryMapping=true -Xmx2G -Xms100m -Xlog:disable -javaagent:c:\Users\praty\.vscode\extensions\redhat.java-1.55.0-win32-x64\lombok\lombok-1.18.39-4050.jar -XX:+HeapDumpOnOutOfMemoryError -XX:HeapDumpPath=c:\Users\praty\AppData\Roaming\Code\User\workspaceStorage\d5ae5ec8628a717733453b6ced97bf26\redhat.java -Daether.dependencyCollector.impl=bf c:\Users\praty\.vscode\extensions\redhat.java-1.55.0-win32-x64\server\plugins\org.eclipse.equinox.launcher_1.7.200.v20260619-2039.jar -configuration c:\Users\praty\AppData\Roaming\Code\User\globalStorage\redhat.java\1.55.0\config_win -data c:\Users\praty\AppData\Roaming\Code\User\workspaceStorage\d5ae5ec8628a717733453b6ced97bf26\redhat.java\jdt_ws --pipe=\\.\pipe\lsp-bcbaac794ef2c3cf5ff56bd01ab48730-sock

Host: 12th Gen Intel(R) Core(TM) i5-1235U, 12 cores, 7G,  Windows 11 , 64 bit Build 22621 (10.0.22621.5262)
Time: Sun Jul 12 11:24:05 2026 India Standard Time elapsed time: 0.139097 seconds (0d 0h 0m 0s)

---------------  T H R E A D  ---------------

Current thread (0x0000020ec5bb0290):  JavaThread "Unknown thread" [_thread_in_vm, id=23748, stack(0x0000004b67c00000,0x0000004b67d00000) (1024K)]

Stack: [0x0000004b67c00000,0x0000004b67d00000]
Native frames: (J=compiled Java code, j=interpreted, Vv=VM code, C=native code)
V  [jvm.dll+0x6d7e19]
V  [jvm.dll+0x8b5096]
V  [jvm.dll+0x8b764e]
V  [jvm.dll+0x8b7d33]
V  [jvm.dll+0x284596]
V  [jvm.dll+0xc13c7]
V  [jvm.dll+0x70bf90]
V  [jvm.dll+0x70cafc]
V  [jvm.dll+0x6e69b3]
V  [jvm.dll+0x87f6ec]
V  [jvm.dll+0x3c4b2c]
V  [jvm.dll+0x8683db]
V  [jvm.dll+0x457c41]
V  [jvm.dll+0x459831]
C  [jli.dll+0x52dc]
C  [ucrtbase.dll+0x29333]
C  [KERNEL32.DLL+0x1259d]
C  [ntdll.dll+0x5af58]


---------------  P R O C E S S  ---------------

Threads class SMR info:
_java_thread_list=0x0000020ec5c18d10, length=1, elements={
0x0000020ec5bb0290
}

Java Threads: ( => current thread )
=>0x0000020ec5bb0290 JavaThread "Unknown thread"             [_thread_in_vm, id=23748, stack(0x0000004b67c00000,0x0000004b67d00000) (1024K)]
Total: 1

Other Threads:
  0x0000020e800dcc40 WatcherThread "VM Periodic Task Thread"        [id=7212, stack(0x0000004b67e00000,0x0000004b67f00000) (1024K)]
  0x0000020ec5bcd460 WorkerThread "GC Thread#0"                     [id=26960, stack(0x0000004b67d00000,0x0000004b67e00000) (1024K)]
Total: 2

Threads with active compile tasks:
Total: 0

VM state: not at safepoint (normal execution)

VM Mutex/Monitor currently owned by a thread: None

Heap address: 0x0000000080000000, size: 2048 MB, Compressed Oops mode: 32-bit

CDS archive(s) not mapped
Compressed class space mapped at: 0x0000000100000000-0x0000000140000000, reserved size: 1073741824
Narrow klass base: 0x0000000000000000, Narrow klass shift: 3, Narrow klass range: 0x140000000

GC Precious Log:
 CardTable entry size: 512
 CPUs: 12 total, 12 available
 Memory: 7860M
 Large Page Support: Disabled
 NUMA Support: Disabled
 Compressed Oops: Enabled (32-bit)
 Alignments: Space 512K, Generation 512K, Heap 2M
 Heap Min Capacity: 100M
 Heap Initial Capacity: 100M
 Heap Max Capacity: 2G
 Pre-touch: Disabled
 Parallel Workers: 10

Heap:
 PSYoungGen      total 29696K, used 512K [0x00000000d5580000, 0x00000000d7680000, 0x0000000100000000)
  eden space 25600K, 2% used [0x00000000d5580000,0x00000000d5600070,0x00000000d6e80000)
  from space 4096K, 0% used [0x00000000d7280000,0x00000000d7280000,0x00000000d7680000)
  to   space 4096K, 0% used [0x00000000d6e80000,0x00000000d6e80000,0x00000000d7280000)
 ParOldGen       total 68608K, used 0K [0x0000000080000000, 0x0000000084300000, 0x00000000d5580000)
  object space 68608K, 0% used [0x0000000080000000,0x0000000080000000,0x0000000084300000)
 Metaspace       used 1381K, committed 1408K, reserved 1114112K
  class space    used 111K, committed 128K, reserved 1048576K

Card table byte_map: [0x0000020ec5550000,0x0000020ec5960000] _byte_map_base: 0x0000020ec5150000

Marking Bits: (ParMarkBitMap*) 0x00007ffec6d74460
 Begin Bits: [0x0000020ed8060000, 0x0000020eda060000)
 End Bits:   [0x0000020eda060000, 0x0000020edc060000)

Polling page: 0x0000020ec3a10000

Metaspace:

Usage:
  Non-class:      1.24 MB used.
      Class:    111.10 KB used.
       Both:      1.35 MB used.

Virtual space:
  Non-class space:       64.00 MB reserved,       1.25 MB (  2%) committed,  1 nodes.
      Class space:        1.00 GB reserved,     128.00 KB ( <1%) committed,  1 nodes.
             Both:        1.06 GB reserved,       1.38 MB ( <1%) committed. 

Chunk freelists:
   Non-Class:  12.00 MB
       Class:  15.75 MB
        Both:  27.75 MB

MaxMetaspaceSize: unlimited
CompressedClassSpaceSize: 1.00 GB
Initial GC threshold: 21.00 MB
Current GC threshold: 17179869184.00 GB
CDS: off
 - commit_granule_bytes: 65536.
 - commit_granule_words: 8192.
 - virtual_space_node_default_size: 8388608.
 - enlarge_chunks_in_place: 1.
 - use_allocation_guard: 0.


Internal statistics:

num_allocs_failed_limit: 0.
num_arena_births: 2.
num_arena_deaths: 0.
num_vsnodes_births: 2.
num_vsnodes_deaths: 0.
num_space_committed: 22.
num_space_uncommitted: 0.
num_chunks_returned_to_freelist: 0.
num_chunks_taken_from_freelist: 3.
num_chunk_merges: 0.
num_chunk_splits: 2.
num_chunks_enlarged: 0.
num_inconsistent_stats: 0.

CodeHeap 'non-profiled nmethods': size=120000Kb used=0Kb max_used=0Kb free=120000Kb
 bounds [0x0000020ed0880000, 0x0000020ed0af0000, 0x0000020ed7db0000]
CodeHeap 'profiled nmethods': size=120000Kb used=0Kb max_used=0Kb free=120000Kb
 bounds [0x0000020ec8db0000, 0x0000020ec9020000, 0x0000020ed02e0000]
CodeHeap 'non-nmethods': size=5760Kb used=194Kb max_used=342Kb free=5565Kb
 bounds [0x0000020ed02e0000, 0x0000020ed0550000, 0x0000020ed0880000]
CodeCache: size=245760Kb, used=194Kb, max_used=342Kb, free=245565Kb
 total_blobs=70, nmethods=0, adapters=48, full_count=0
Compilation: enabled, stopped_count=0, restarted_count=0

Compilation events (0 events):
No events

GC Heap History (0 events):
No events

Dll operation events (2 events):
Event: 0.019 Loaded shared library c:\Users\praty\.vscode\extensions\redhat.java-1.55.0-win32-x64\jre\21.0.11-win32-x86_64\bin\java.dll
Event: 0.059 Loaded shared library c:\Users\praty\.vscode\extensions\redhat.java-1.55.0-win32-x64\jre\21.0.11-win32-x86_64\bin\zip.dll

Deoptimization events (0 events):
No events

Classes loaded (20 events):
Event: 0.126 Loading class java/util/Iterator
Event: 0.127 Loading class java/util/Iterator done
Event: 0.127 Loading class java/lang/reflect/RecordComponent
Event: 0.127 Loading class java/lang/reflect/RecordComponent done
Event: 0.127 Loading class jdk/internal/vm/vector/VectorSupport
Event: 0.128 Loading class jdk/internal/vm/vector/VectorSupport done
Event: 0.128 Loading class jdk/internal/vm/vector/VectorSupport$VectorPayload
Event: 0.128 Loading class jdk/internal/vm/vector/VectorSupport$VectorPayload done
Event: 0.128 Loading class jdk/internal/vm/vector/VectorSupport$Vector
Event: 0.128 Loading class jdk/internal/vm/vector/VectorSupport$Vector done
Event: 0.128 Loading class jdk/internal/vm/vector/VectorSupport$VectorMask
Event: 0.128 Loading class jdk/internal/vm/vector/VectorSupport$VectorMask done
Event: 0.128 Loading class jdk/internal/vm/vector/VectorSupport$VectorShuffle
Event: 0.128 Loading class jdk/internal/vm/vector/VectorSupport$VectorShuffle done
Event: 0.128 Loading class jdk/internal/vm/FillerObject
Event: 0.128 Loading class jdk/internal/vm/FillerObject done
Event: 0.135 Loading class java/lang/NullPointerException
Event: 0.135 Loading class java/lang/NullPointerException done
Event: 0.135 Loading class java/lang/ArithmeticException
Event: 0.135 Loading class java/lang/ArithmeticException done

Classes unloaded (0 events):
No events

Classes redefined (0 events):
No events

Internal exceptions (0 events):
No events

ZGC Phase Switch (0 events):
No events

VM Operations (0 events):
No events

Memory protections (0 events):
No events

Nmethod flushes (0 events):
No events

Events (1 events):
Event: 0.050 Thread 0x0000020ec5bb0290 Thread added: 0x0000020ec5bb0290


Dynamic libraries:
0x00007ff6ea640000 - 0x00007ff6ea64e000 	c:\Users\praty\.vscode\extensions\redhat.java-1.55.0-win32-x64\jre\21.0.11-win32-x86_64\bin\java.exe
0x00007fff97f10000 - 0x00007fff98127000 	C:\windows\SYSTEM32\ntdll.dll
0x00007fff95ef0000 - 0x00007fff95fb4000 	C:\windows\System32\KERNEL32.DLL
0x00007fff955c0000 - 0x00007fff95993000 	C:\windows\System32\KERNELBASE.dll
0x00007fff95010000 - 0x00007fff95121000 	C:\windows\System32\ucrtbase.dll
0x00007fff62360000 - 0x00007fff62378000 	c:\Users\praty\.vscode\extensions\redhat.java-1.55.0-win32-x64\jre\21.0.11-win32-x86_64\bin\jli.dll
0x00007fff62340000 - 0x00007fff6235e000 	c:\Users\praty\.vscode\extensions\redhat.java-1.55.0-win32-x64\jre\21.0.11-win32-x86_64\bin\VCRUNTIME140.dll
0x00007fff95bb0000 - 0x00007fff95d61000 	C:\windows\System32\USER32.dll
0x00007fff702d0000 - 0x00007fff7056b000 	C:\windows\WinSxS\amd64_microsoft.windows.common-controls_6595b64144ccf1df_6.0.22621.5262_none_2712bde373830908\COMCTL32.dll
0x00007fff95a20000 - 0x00007fff95a46000 	C:\windows\System32\win32u.dll
0x00007fff97280000 - 0x00007fff972a9000 	C:\windows\System32\GDI32.dll
0x00007fff97400000 - 0x00007fff974a7000 	C:\windows\System32\msvcrt.dll
0x00007fff95a80000 - 0x00007fff95ba2000 	C:\windows\System32\gdi32full.dll
0x00007fff95130000 - 0x00007fff951ca000 	C:\windows\System32\msvcp_win.dll
0x00007fff96eb0000 - 0x00007fff96ee1000 	C:\windows\System32\IMM32.DLL
0x00007fff8aee0000 - 0x00007fff8aeec000 	c:\Users\praty\.vscode\extensions\redhat.java-1.55.0-win32-x64\jre\21.0.11-win32-x86_64\bin\vcruntime140_1.dll
0x00007fff3d6b0000 - 0x00007fff3d73d000 	c:\Users\praty\.vscode\extensions\redhat.java-1.55.0-win32-x64\jre\21.0.11-win32-x86_64\bin\msvcp140.dll
0x00007ffec60b0000 - 0x00007ffec6e52000 	c:\Users\praty\.vscode\extensions\redhat.java-1.55.0-win32-x64\jre\21.0.11-win32-x86_64\bin\server\jvm.dll
0x00007fff96d50000 - 0x00007fff96e01000 	C:\windows\System32\ADVAPI32.dll
0x00007fff96c80000 - 0x00007fff96d27000 	C:\windows\System32\sechost.dll
0x00007fff95a50000 - 0x00007fff95a78000 	C:\windows\System32\bcrypt.dll
0x00007fff95fc0000 - 0x00007fff960d4000 	C:\windows\System32\RPCRT4.dll
0x00007fff97de0000 - 0x00007fff97e51000 	C:\windows\System32\WS2_32.dll
0x00007fff8ac90000 - 0x00007fff8acc4000 	C:\windows\SYSTEM32\WINMM.dll
0x00007fff885b0000 - 0x00007fff885ba000 	C:\windows\SYSTEM32\VERSION.dll
0x00007fff94e30000 - 0x00007fff94e7d000 	C:\windows\SYSTEM32\POWRPROF.dll
0x00007fff94e10000 - 0x00007fff94e23000 	C:\windows\SYSTEM32\UMPDC.dll
0x00007fff93fb0000 - 0x00007fff93fc8000 	C:\windows\SYSTEM32\kernel.appcore.dll
0x00007fff8ae60000 - 0x00007fff8ae6a000 	c:\Users\praty\.vscode\extensions\redhat.java-1.55.0-win32-x64\jre\21.0.11-win32-x86_64\bin\jimage.dll
0x00007fff92a20000 - 0x00007fff92c52000 	C:\windows\SYSTEM32\DBGHELP.DLL
0x00007fff96240000 - 0x00007fff965d3000 	C:\windows\System32\combase.dll
0x00007fff97320000 - 0x00007fff973f7000 	C:\windows\System32\OLEAUT32.dll
0x00007fff70720000 - 0x00007fff70752000 	C:\windows\SYSTEM32\dbgcore.DLL
0x00007fff959a0000 - 0x00007fff95a1b000 	C:\windows\System32\bcryptPrimitives.dll
0x00007fff62330000 - 0x00007fff6233f000 	c:\Users\praty\.vscode\extensions\redhat.java-1.55.0-win32-x64\jre\21.0.11-win32-x86_64\bin\instrument.dll
0x00007fff62210000 - 0x00007fff62230000 	c:\Users\praty\.vscode\extensions\redhat.java-1.55.0-win32-x64\jre\21.0.11-win32-x86_64\bin\java.dll
0x00007fff62080000 - 0x00007fff62098000 	c:\Users\praty\.vscode\extensions\redhat.java-1.55.0-win32-x64\jre\21.0.11-win32-x86_64\bin\zip.dll

JVMTI agents:
c:\Users\praty\.vscode\extensions\redhat.java-1.55.0-win32-x64\lombok\lombok-1.18.39-4050.jar path:none, loaded, not initialized, instrumentlib options:none

dbghelp: loaded successfully - version: 4.0.5 - missing functions: none
symbol engine: initialized successfully - sym options: 0x614 - pdb path: .;c:\Users\praty\.vscode\extensions\redhat.java-1.55.0-win32-x64\jre\21.0.11-win32-x86_64\bin;C:\windows\SYSTEM32;C:\windows\WinSxS\amd64_microsoft.windows.common-controls_6595b64144ccf1df_6.0.22621.5262_none_2712bde373830908;c:\Users\praty\.vscode\extensions\redhat.java-1.55.0-win32-x64\jre\21.0.11-win32-x86_64\bin\server

VM Arguments:
jvm_args: --add-modules=ALL-SYSTEM --add-opens=java.base/java.util=ALL-UNNAMED --add-opens=java.base/java.lang=ALL-UNNAMED --add-opens=java.base/sun.nio.fs=ALL-UNNAMED -Declipse.application=org.eclipse.jdt.ls.core.id1 -Dosgi.bundles.defaultStartLevel=4 -Declipse.product=org.eclipse.jdt.ls.core.product -Djava.import.generatesMetadataFilesAtProjectRoot=false -DDetectVMInstallationsJob.disabled=true -Dfile.encoding=utf8 -XX:+UseParallelGC -XX:GCTimeRatio=4 -XX:AdaptiveSizePolicyWeight=90 -Dsun.zip.disableMemoryMapping=true -Xmx2G -Xms100m -Xlog:disable -javaagent:c:\Users\praty\.vscode\extensions\redhat.java-1.55.0-win32-x64\lombok\lombok-1.18.39-4050.jar -XX:+HeapDumpOnOutOfMemoryError -XX:HeapDumpPath=c:\Users\praty\AppData\Roaming\Code\User\workspaceStorage\d5ae5ec8628a717733453b6ced97bf26\redhat.java -Daether.dependencyCollector.impl=bf 
java_command: c:\Users\praty\.vscode\extensions\redhat.java-1.55.0-win32-x64\server\plugins\org.eclipse.equinox.launcher_1.7.200.v20260619-2039.jar -configuration c:\Users\praty\AppData\Roaming\Code\User\globalStorage\redhat.java\1.55.0\config_win -data c:\Users\praty\AppData\Roaming\Code\User\workspaceStorage\d5ae5ec8628a717733453b6ced97bf26\redhat.java\jdt_ws --pipe=\\.\pipe\lsp-bcbaac794ef2c3cf5ff56bd01ab48730-sock
java_class_path (initial): c:\Users\praty\.vscode\extensions\redhat.java-1.55.0-win32-x64\server\plugins\org.eclipse.equinox.launcher_1.7.200.v20260619-2039.jar
Launcher Type: SUN_STANDARD

[Global flags]
    uintx AdaptiveSizePolicyWeight                 = 90                                        {product} {command line}
     intx CICompilerCount                          = 4                                         {product} {ergonomic}
    uintx GCTimeRatio                              = 4                                         {product} {command line}
     bool HeapDumpOnOutOfMemoryError               = true                                   {manageable} {command line}
    ccstr HeapDumpPath                             = c:\Users\praty\AppData\Roaming\Code\User\workspaceStorage\d5ae5ec8628a717733453b6ced97bf26\redhat.java         {manageable} {command line}
   size_t InitialHeapSize                          = 104857600                                 {product} {command line}
   size_t MaxHeapSize                              = 2147483648                                {product} {command line}
   size_t MaxNewSize                               = 715653120                                 {product} {ergonomic}
   size_t MinHeapDeltaBytes                        = 524288                                    {product} {ergonomic}
   size_t MinHeapSize                              = 104857600                                 {product} {command line}
   size_t NewSize                                  = 34603008                                  {product} {ergonomic}
    uintx NonNMethodCodeHeapSize                   = 5839372                                {pd product} {ergonomic}
    uintx NonProfiledCodeHeapSize                  = 122909434                              {pd product} {ergonomic}
   size_t OldSize                                  = 70254592                                  {product} {ergonomic}
    uintx ProfiledCodeHeapSize                     = 122909434                              {pd product} {ergonomic}
    uintx ReservedCodeCacheSize                    = 251658240                              {pd product} {ergonomic}
     bool SegmentedCodeCache                       = true                                      {product} {ergonomic}
   size_t SoftMaxHeapSize                          = 2147483648                             {manageable} {ergonomic}
     bool UseCompressedOops                        = true                           {product lp64_product} {ergonomic}
     bool UseLargePagesIndividualAllocation        = false                                  {pd product} {ergonomic}
     bool UseParallelGC                            = true                                      {product} {command line}

Logging:
Log output configuration:
 #0: stdout all=off uptime,level,tags foldmultilines=false
 #1: stderr all=off uptime,level,tags foldmultilines=false

Release file:
<release file has not been read>
Environment Variables:
JAVA_HOME=C:\Program Files\Java\jdk-23
PATH=C:\windows\system32;C:\windows;C:\windows\System32\Wbem;C:\windows\System32\WindowsPowerShell\v1.0\;C:\windows\System32\OpenSSH\;C:\MinGW\bin;C:\Program Files\dotnet\;C:\Program Files\Java\jdk-23\bin;C:\Program Files\Java\jdk-23\bin;C:\Program Files\MySQL\MySQL Server 8.0\bin;C:\ProgramData\chocolatey\bin;D:\Git\cmd;D:\nvm;D:\nodejs;C:\Program Files\Cloudflare\Cloudflare WARP\;C:\Program Files (x86)\Microsoft SQL Server\170\Tools\Binn\;C:\Program Files\Microsoft SQL Server\170\Tools\Binn\;C:\Program Files\Microsoft SQL Server\Client SDK\ODBC\180\Tools\Binn\;C:\Program Files\Microsoft SQL Server\170\DTS\Binn\;C:\Users\praty\AppData\Local\Programs\Eclipse Adoptium\jdk-21.0.11.10-hotspot\bin;C:\Users\praty\AppData\Local\Microsoft\WindowsApps;C:\MinGW\bin;C:\Users\praty\AppData\Local\Microsoft\WindowsApps\PythonSoftwareFoundation.Python.3.12_qbz5n2kfra8p0\python.exe;C:\Users\praty\AppData\Local\Programs\Microsoft VS Code\bin;C:\Users\praty\AppData\Local\GitHubDesktop\bin;D:\Antigravity\bin;D:\nvm;D:\nodejs;C:\Users\praty\.dotnet\tools
USERNAME=praty
OS=Windows_NT
PROCESSOR_IDENTIFIER=Intel64 Family 6 Model 154 Stepping 4, GenuineIntel
TMP=C:\Users\praty\AppData\Local\Temp
TEMP=C:\Users\praty\AppData\Local\Temp




Periodic native trim disabled

---------------  S Y S T E M  ---------------

OS:
 Windows 11 , 64 bit Build 22621 (10.0.22621.5262)
OS uptime: 0 days 11:11 hours
Hyper-V role detected

CPU: total 12 (initial active 12) (6 cores per cpu, 2 threads per core) family 6 model 154 stepping 4 microcode 0x42c, cx8, cmov, fxsr, ht, mmx, 3dnowpref, sse, sse2, sse3, ssse3, sse4.1, sse4.2, popcnt, lzcnt, tsc, tscinvbit, avx, avx2, aes, erms, clmul, bmi1, bmi2, adx, sha, fma, vzeroupper, clflush, clflushopt, clwb, hv, serialize, rdtscp, rdpid, fsrm, f16c, cet_ibt, cet_ss
Processor Information for processor 0
  Max Mhz: 1300, Current Mhz: 1300, Mhz Limit: 1300
Processor Information for processor 1
  Max Mhz: 1300, Current Mhz: 1300, Mhz Limit: 1300
Processor Information for processor 2
  Max Mhz: 1300, Current Mhz: 1300, Mhz Limit: 1300
Processor Information for processor 3
  Max Mhz: 1300, Current Mhz: 1300, Mhz Limit: 1300
Processor Information for processor 4
  Max Mhz: 1300, Current Mhz: 900, Mhz Limit: 897
Processor Information for processor 5
  Max Mhz: 1300, Current Mhz: 900, Mhz Limit: 897
Processor Information for processor 6
  Max Mhz: 1300, Current Mhz: 900, Mhz Limit: 897
Processor Information for processor 7
  Max Mhz: 1300, Current Mhz: 900, Mhz Limit: 897
Processor Information for processor 8
  Max Mhz: 1300, Current Mhz: 900, Mhz Limit: 897
Processor Information for processor 9
  Max Mhz: 1300, Current Mhz: 900, Mhz Limit: 897
Processor Information for processor 10
  Max Mhz: 1300, Current Mhz: 900, Mhz Limit: 897
Processor Information for processor 11
  Max Mhz: 1300, Current Mhz: 900, Mhz Limit: 897

Memory: 4k page, system-wide physical 7860M (804M free)
TotalPageFile size 13594M (AvailPageFile size 69M)
current process WorkingSet (physical memory assigned to process): 17M, peak: 17M
current process commit charge ("private bytes"): 184M, peak: 185M

vm_info: OpenJDK 64-Bit Server VM (21.0.11+10-LTS) for windows-amd64 JRE (21.0.11+10-LTS), built on 2026-04-21T00:00:00Z by "admin" with MS VC++ 17.12 (VS2022)

END.
