#
# There is insufficient memory for the Java Runtime Environment to continue.
# Native memory allocation (malloc) failed to allocate 1169184 bytes. Error detail: Chunk::new
# Possible reasons:
#   The system is out of physical RAM or swap space
#   This process is running with CompressedOops enabled, and the Java Heap may be blocking the growth of the native heap
# Possible solutions:
#   Reduce memory load on the system
#   Increase physical memory or swap space
#   Check if swap backing store is full
#   Decrease Java heap size (-Xmx/-Xms)
#   Decrease number of Java threads
#   Decrease Java thread stack sizes (-Xss)
#   Set larger code cache with -XX:ReservedCodeCacheSize=
#   JVM is running with Unscaled Compressed Oops mode in which the Java heap is
#     placed in the first 4GB address space. The Java Heap base address is the
#     maximum limit for the native heap growth. Please use -XX:HeapBaseMinAddress
#     to set the Java Heap base and to place the Java Heap above 4GB virtual address.
# This output file may be truncated or incomplete.
#
#  Out of Memory Error (arena.cpp:168), pid=5844, tid=25436
#
# JRE version: OpenJDK Runtime Environment Temurin-21.0.11+10 (21.0.11+10) (build 21.0.11+10-LTS)
# Java VM: OpenJDK 64-Bit Server VM Temurin-21.0.11+10 (21.0.11+10-LTS, mixed mode, sharing, tiered, compressed oops, compressed class ptrs, parallel gc, windows-amd64)
# No core dump will be written. Minidumps are not enabled by default on client versions of Windows
#

---------------  S U M M A R Y ------------

Command Line: --add-modules=ALL-SYSTEM --add-opens=java.base/java.util=ALL-UNNAMED --add-opens=java.base/java.lang=ALL-UNNAMED --add-opens=java.base/sun.nio.fs=ALL-UNNAMED -Declipse.application=org.eclipse.jdt.ls.core.id1 -Dosgi.bundles.defaultStartLevel=4 -Declipse.product=org.eclipse.jdt.ls.core.product -Djava.import.generatesMetadataFilesAtProjectRoot=false -DDetectVMInstallationsJob.disabled=true -Dfile.encoding=utf8 -XX:+UseParallelGC -XX:GCTimeRatio=4 -XX:AdaptiveSizePolicyWeight=90 -Dsun.zip.disableMemoryMapping=true -Xmx2G -Xms100m -Xlog:disable -javaagent:c:\Users\praty\.vscode\extensions\redhat.java-1.55.0-win32-x64\lombok\lombok-1.18.39-4050.jar -XX:+HeapDumpOnOutOfMemoryError -XX:HeapDumpPath=c:\Users\praty\AppData\Roaming\Code\User\workspaceStorage\5d4e2192aa13900e99f9e6535f41197a\redhat.java -Daether.dependencyCollector.impl=bf c:\Users\praty\.vscode\extensions\redhat.java-1.55.0-win32-x64\server\plugins\org.eclipse.equinox.launcher_1.7.200.v20260619-2039.jar -configuration c:\Users\praty\AppData\Roaming\Code\User\globalStorage\redhat.java\1.55.0\config_win -data c:\Users\praty\AppData\Roaming\Code\User\workspaceStorage\5d4e2192aa13900e99f9e6535f41197a\redhat.java\jdt_ws --pipe=\\.\pipe\lsp-78e56fd260b66aa5d632814157647904-sock

Host: 12th Gen Intel(R) Core(TM) i5-1235U, 12 cores, 7G,  Windows 11 , 64 bit Build 22621 (10.0.22621.5262)
Time: Thu Jul  2 00:06:40 2026 India Standard Time elapsed time: 5.432081 seconds (0d 0h 0m 5s)

---------------  T H R E A D  ---------------

Current thread (0x000001e3f820bf90):  JavaThread "C2 CompilerThread1" daemon [_thread_in_native, id=25436, stack(0x0000002f67100000,0x0000002f67200000) (1024K)]


Current CompileTask:
C2:5432 5304       4       java.lang.invoke.MemberName::getMethodOrFieldType (72 bytes)

Stack: [0x0000002f67100000,0x0000002f67200000]
Native frames: (J=compiled Java code, j=interpreted, Vv=VM code, C=native code)
V  [jvm.dll+0x6d7e19]
V  [jvm.dll+0x8b5096]
V  [jvm.dll+0x8b764e]
V  [jvm.dll+0x8b7d33]
V  [jvm.dll+0x284596]
V  [jvm.dll+0xc685d]
V  [jvm.dll+0xc6da1]
V  [jvm.dll+0x3bed6b]
V  [jvm.dll+0x1e3f42]
V  [jvm.dll+0x24c853]
V  [jvm.dll+0x24bce0]
V  [jvm.dll+0x1cb4ae]
V  [jvm.dll+0x25baad]
V  [jvm.dll+0x25a03a]
V  [jvm.dll+0x3f868e]
V  [jvm.dll+0x85fb0d]
V  [jvm.dll+0x6d664d]
C  [ucrtbase.dll+0x29333]
C  [KERNEL32.DLL+0x1259d]
C  [ntdll.dll+0x5af58]


---------------  P R O C E S S  ---------------

Threads class SMR info:
_java_thread_list=0x000001e3fa0687a0, length=42, elements={
0x000001e399755790, 0x000001e3996fdbc0, 0x000001e3997f0b20, 0x000001e3997f34f0,
0x000001e3997f4670, 0x000001e3997f5dd0, 0x000001e3997feaf0, 0x000001e3f2482760,
0x000001e399803180, 0x000001e3f26fc910, 0x000001e3f2798e90, 0x000001e3f8038f30,
0x000001e3f3b7cc30, 0x000001e3f39ff9d0, 0x000001e3f3a5c450, 0x000001e3f39d3fa0,
0x000001e3f84ceaa0, 0x000001e3f820bf90, 0x000001e3f82c42d0, 0x000001e3f82f0b20,
0x000001e3f82ed6a0, 0x000001e3f82eea50, 0x000001e3f82ef770, 0x000001e3f82edd30,
0x000001e3f82ef0e0, 0x000001e3f82efe00, 0x000001e3f82f0490, 0x000001e3fa3d1db0,
0x000001e3fa3d6c70, 0x000001e3fa3d37f0, 0x000001e3fa3d65e0, 0x000001e3fa3d4510,
0x000001e3fa3d4ba0, 0x000001e3fa3d5f50, 0x000001e3fa3d7300, 0x000001e3fa3d3160,
0x000001e3fa3d1720, 0x000001e3fa3d3e80, 0x000001e3fa3d0370, 0x000001e3fa3d5230,
0x000001e3fa3d58c0, 0x000001e3fa3d0a00
}

Java Threads: ( => current thread )
  0x000001e399755790 JavaThread "main"                              [_thread_blocked, id=26524, stack(0x0000002f65400000,0x0000002f65500000) (1024K)]
  0x000001e3996fdbc0 JavaThread "Reference Handler"          daemon [_thread_blocked, id=25936, stack(0x0000002f65800000,0x0000002f65900000) (1024K)]
  0x000001e3997f0b20 JavaThread "Finalizer"                  daemon [_thread_blocked, id=6872, stack(0x0000002f65900000,0x0000002f65a00000) (1024K)]
  0x000001e3997f34f0 JavaThread "Signal Dispatcher"          daemon [_thread_blocked, id=26468, stack(0x0000002f65a00000,0x0000002f65b00000) (1024K)]
  0x000001e3997f4670 JavaThread "Attach Listener"            daemon [_thread_blocked, id=25496, stack(0x0000002f65b00000,0x0000002f65c00000) (1024K)]
  0x000001e3997f5dd0 JavaThread "Service Thread"             daemon [_thread_blocked, id=25680, stack(0x0000002f65c00000,0x0000002f65d00000) (1024K)]
  0x000001e3997feaf0 JavaThread "Monitor Deflation Thread"   daemon [_thread_blocked, id=26180, stack(0x0000002f65d00000,0x0000002f65e00000) (1024K)]
  0x000001e3f2482760 JavaThread "C2 CompilerThread0"         daemon [_thread_in_native, id=13792, stack(0x0000002f65e00000,0x0000002f65f00000) (1024K)]
  0x000001e399803180 JavaThread "C1 CompilerThread0"         daemon [_thread_blocked, id=23436, stack(0x0000002f65f00000,0x0000002f66000000) (1024K)]
  0x000001e3f26fc910 JavaThread "Common-Cleaner"             daemon [_thread_blocked, id=25452, stack(0x0000002f66000000,0x0000002f66100000) (1024K)]
  0x000001e3f2798e90 JavaThread "Notification Thread"        daemon [_thread_blocked, id=24956, stack(0x0000002f66200000,0x0000002f66300000) (1024K)]
  0x000001e3f8038f30 JavaThread "Active Thread: Equinox Container: 936bcddc-3a82-4c76-ae11-1aaa18489bd0"        [_thread_blocked, id=24712, stack(0x0000002f66900000,0x0000002f66a00000) (1024K)]
  0x000001e3f3b7cc30 JavaThread "Refresh Thread: Equinox Container: 936bcddc-3a82-4c76-ae11-1aaa18489bd0" daemon [_thread_blocked, id=26016, stack(0x0000002f66b00000,0x0000002f66c00000) (1024K)]
  0x000001e3f39ff9d0 JavaThread "Framework Event Dispatcher: Equinox Container: 936bcddc-3a82-4c76-ae11-1aaa18489bd0" daemon [_thread_blocked, id=25076, stack(0x0000002f66c00000,0x0000002f66d00000) (1024K)]
  0x000001e3f3a5c450 JavaThread "Start Level: Equinox Container: 936bcddc-3a82-4c76-ae11-1aaa18489bd0" daemon [_thread_blocked, id=22192, stack(0x0000002f66d00000,0x0000002f66e00000) (1024K)]
  0x000001e3f39d3fa0 JavaThread "Bundle File Closer"         daemon [_thread_blocked, id=10768, stack(0x0000002f67000000,0x0000002f67100000) (1024K)]
  0x000001e3f84ceaa0 JavaThread "SCR Component Actor"        daemon [_thread_blocked, id=24036, stack(0x0000002f66100000,0x0000002f66200000) (1024K)]
=>0x000001e3f820bf90 JavaThread "C2 CompilerThread1"         daemon [_thread_in_native, id=25436, stack(0x0000002f67100000,0x0000002f67200000) (1024K)]
  0x000001e3f82c42d0 JavaThread "Worker-JM"                         [_thread_blocked, id=26084, stack(0x0000002f67200000,0x0000002f67300000) (1024K)]
  0x000001e3f82f0b20 JavaThread "JNA Cleaner"                daemon [_thread_blocked, id=23136, stack(0x0000002f67300000,0x0000002f67400000) (1024K)]
  0x000001e3f82ed6a0 JavaThread "Worker-0: Initialize After Load"        [_thread_blocked, id=25876, stack(0x0000002f67400000,0x0000002f67500000) (1024K)]
  0x000001e3f82eea50 JavaThread "Worker-1: Repository registry initialization"        [_thread_in_vm, id=10844, stack(0x0000002f67500000,0x0000002f67600000) (1024K)]
  0x000001e3f82ef770 JavaThread "Java indexing"              daemon [_thread_blocked, id=23244, stack(0x0000002f67600000,0x0000002f67700000) (1024K)]
  0x000001e3f82edd30 JavaThread "Worker-2"                          [_thread_blocked, id=19388, stack(0x0000002f67700000,0x0000002f67800000) (1024K)]
  0x000001e3f82ef0e0 JavaThread "Worker-3: Updating Maven Dependencies"        [_thread_blocked, id=25000, stack(0x0000002f67800000,0x0000002f67900000) (1024K)]
  0x000001e3f82efe00 JavaThread "Thread-1"                   daemon [_thread_in_native, id=25196, stack(0x0000002f67900000,0x0000002f67a00000) (1024K)]
  0x000001e3f82f0490 JavaThread "Thread-2"                   daemon [_thread_in_native, id=21436, stack(0x0000002f67a00000,0x0000002f67b00000) (1024K)]
  0x000001e3fa3d1db0 JavaThread "Thread-3"                   daemon [_thread_in_native, id=24996, stack(0x0000002f67b00000,0x0000002f67c00000) (1024K)]
  0x000001e3fa3d6c70 JavaThread "Thread-4"                   daemon [_thread_in_native, id=26404, stack(0x0000002f67c00000,0x0000002f67d00000) (1024K)]
  0x000001e3fa3d37f0 JavaThread "Thread-5"                   daemon [_thread_in_native, id=25776, stack(0x0000002f67d00000,0x0000002f67e00000) (1024K)]
  0x000001e3fa3d65e0 JavaThread "Thread-6"                   daemon [_thread_in_native, id=10364, stack(0x0000002f67e00000,0x0000002f67f00000) (1024K)]
  0x000001e3fa3d4510 JavaThread "Thread-7"                   daemon [_thread_in_native, id=24432, stack(0x0000002f67f00000,0x0000002f68000000) (1024K)]
  0x000001e3fa3d4ba0 JavaThread "Thread-8"                   daemon [_thread_in_native, id=20368, stack(0x0000002f68000000,0x0000002f68100000) (1024K)]
  0x000001e3fa3d5f50 JavaThread "Thread-9"                   daemon [_thread_in_native, id=21240, stack(0x0000002f68100000,0x0000002f68200000) (1024K)]
  0x000001e3fa3d7300 JavaThread "Thread-10"                  daemon [_thread_in_native, id=25788, stack(0x0000002f68200000,0x0000002f68300000) (1024K)]
  0x000001e3fa3d3160 JavaThread "Thread-11"                  daemon [_thread_in_native, id=23748, stack(0x0000002f68300000,0x0000002f68400000) (1024K)]
  0x000001e3fa3d1720 JavaThread "Thread-12"                  daemon [_thread_in_native, id=2640, stack(0x0000002f68400000,0x0000002f68500000) (1024K)]
  0x000001e3fa3d3e80 JavaThread "Thread-13"                  daemon [_thread_in_native, id=20864, stack(0x0000002f68500000,0x0000002f68600000) (1024K)]
  0x000001e3fa3d0370 JavaThread "pool-2-thread-1"                   [_thread_blocked, id=11392, stack(0x0000002f68600000,0x0000002f68700000) (1024K)]
  0x000001e3fa3d5230 JavaThread "WorkspaceEventsHandler"            [_thread_blocked, id=12900, stack(0x0000002f68700000,0x0000002f68800000) (1024K)]
  0x000001e3fa3d58c0 JavaThread "pool-1-thread-1"                   [_thread_blocked, id=10800, stack(0x0000002f68800000,0x0000002f68900000) (1024K)]
  0x000001e3fa3d0a00 JavaThread "Worker-4"                          [_thread_blocked, id=21892, stack(0x0000002f68900000,0x0000002f68a00000) (1024K)]
Total: 42

Other Threads:
  0x000001e3973febc0 VMThread "VM Thread"                           [id=25632, stack(0x0000002f65700000,0x0000002f65800000) (1024K)]
  0x000001e3997bfaa0 WatcherThread "VM Periodic Task Thread"        [id=11816, stack(0x0000002f65600000,0x0000002f65700000) (1024K)]
  0x000001e399772d60 WorkerThread "GC Thread#0"                     [id=26544, stack(0x0000002f65500000,0x0000002f65600000) (1024K)]
  0x000001e3f3745b40 WorkerThread "GC Thread#1"                     [id=26288, stack(0x0000002f66300000,0x0000002f66400000) (1024K)]
  0x000001e3f3745ef0 WorkerThread "GC Thread#2"                     [id=25640, stack(0x0000002f66400000,0x0000002f66500000) (1024K)]
  0x000001e3f37462a0 WorkerThread "GC Thread#3"                     [id=20780, stack(0x0000002f66500000,0x0000002f66600000) (1024K)]
  0x000001e3f8056750 WorkerThread "GC Thread#4"                     [id=12120, stack(0x0000002f66600000,0x0000002f66700000) (1024K)]
  0x000001e3f3475b10 WorkerThread "GC Thread#5"                     [id=11164, stack(0x0000002f66700000,0x0000002f66800000) (1024K)]
  0x000001e3f3a033d0 WorkerThread "GC Thread#6"                     [id=12212, stack(0x0000002f66800000,0x0000002f66900000) (1024K)]
  0x000001e3f3a03780 WorkerThread "GC Thread#7"                     [id=23660, stack(0x0000002f66a00000,0x0000002f66b00000) (1024K)]
  0x000001e3f3a03b30 WorkerThread "GC Thread#8"                     [id=21860, stack(0x0000002f66e00000,0x0000002f66f00000) (1024K)]
  0x000001e3f3a049f0 WorkerThread "GC Thread#9"                     [id=21156, stack(0x0000002f66f00000,0x0000002f67000000) (1024K)]
Total: 12

Threads with active compile tasks:
C2 CompilerThread0  5443 5364       4       java.lang.invoke.MethodType::methodType (69 bytes)
C2 CompilerThread1  5443 5304       4       java.lang.invoke.MemberName::getMethodOrFieldType (72 bytes)
Total: 2

VM state: not at safepoint (normal execution)

VM Mutex/Monitor currently owned by a thread: None

Heap address: 0x0000000080000000, size: 2048 MB, Compressed Oops mode: 32-bit

CDS archive(s) mapped at: [0x000001e3b0000000-0x000001e3b0ba0000-0x000001e3b0ba0000), size 12189696, SharedBaseAddress: 0x000001e3b0000000, ArchiveRelocationMode: 1.
Compressed class space mapped at: 0x000001e3b1000000-0x000001e3f1000000, reserved size: 1073741824
Narrow klass base: 0x000001e3b0000000, Narrow klass shift: 0, Narrow klass range: 0x100000000

GC Precious Log:
 CardTable entry size: 512
 CPUs: 12 total, 12 available
 Memory: 7860M
 Large Page Support: Disabled
 NUMA Support: Disabled
 Compressed Oops: Enabled (32-bit)
 Alignments: Space 512K, Generation 512K, Heap 2M
 Heap Min Capacity: 100M
 Heap Initial Capacity: 100M
 Heap Max Capacity: 2G
 Pre-touch: Disabled
 Parallel Workers: 10

Heap:
 PSYoungGen      total 23040K, used 18600K [0x00000000d5580000, 0x00000000d6f00000, 0x0000000100000000)
  eden space 22016K, 79% used [0x00000000d5580000,0x00000000d66aa048,0x00000000d6b00000)
  from space 1024K, 100% used [0x00000000d6d00000,0x00000000d6e00000,0x00000000d6e00000)
  to   space 1024K, 0% used [0x00000000d6e00000,0x00000000d6e00000,0x00000000d6f00000)
 ParOldGen       total 68608K, used 20694K [0x0000000080000000, 0x0000000084300000, 0x00000000d5580000)
  object space 68608K, 30% used [0x0000000080000000,0x0000000081435aa8,0x0000000084300000)
 Metaspace       used 43109K, committed 44224K, reserved 1114112K
  class space    used 4735K, committed 5184K, reserved 1048576K

Card table byte_map: [0x000001e3990f0000,0x000001e399500000] _byte_map_base: 0x000001e398cf0000

Marking Bits: (ParMarkBitMap*) 0x00007ffe41434460
 Begin Bits: [0x000001e3abc00000, 0x000001e3adc00000)
 End Bits:   [0x000001e3adc00000, 0x000001e3afc00000)

Polling page: 0x000001e3975d0000

Metaspace:

Usage:
  Non-class:     37.47 MB used.
      Class:      4.62 MB used.
       Both:     42.10 MB used.

Virtual space:
  Non-class space:       64.00 MB reserved,      38.12 MB ( 60%) committed,  1 nodes.
      Class space:        1.00 GB reserved,       5.06 MB ( <1%) committed,  1 nodes.
             Both:        1.06 GB reserved,      43.19 MB (  4%) committed. 

Chunk freelists:
   Non-Class:  9.80 MB
       Class:  10.77 MB
        Both:  20.56 MB

MaxMetaspaceSize: unlimited
CompressedClassSpaceSize: 1.00 GB
Initial GC threshold: 21.00 MB
Current GC threshold: 58.88 MB
CDS: on
 - commit_granule_bytes: 65536.
 - commit_granule_words: 8192.
 - virtual_space_node_default_size: 8388608.
 - enlarge_chunks_in_place: 1.
 - use_allocation_guard: 0.


Internal statistics:

num_allocs_failed_limit: 12.
num_arena_births: 794.
num_arena_deaths: 14.
num_vsnodes_births: 2.
num_vsnodes_deaths: 0.
num_space_committed: 691.
num_space_uncommitted: 0.
num_chunks_returned_to_freelist: 26.
num_chunks_taken_from_freelist: 2682.
num_chunk_merges: 12.
num_chunk_splits: 1686.
num_chunks_enlarged: 1010.
num_inconsistent_stats: 0.

CodeHeap 'non-profiled nmethods': size=120000Kb used=2340Kb max_used=2340Kb free=117659Kb
 bounds [0x000001e3a4420000, 0x000001e3a4690000, 0x000001e3ab950000]
CodeHeap 'profiled nmethods': size=120000Kb used=9960Kb max_used=9960Kb free=110039Kb
 bounds [0x000001e39c950000, 0x000001e39d310000, 0x000001e3a3e80000]
CodeHeap 'non-nmethods': size=5760Kb used=1358Kb max_used=1412Kb free=4401Kb
 bounds [0x000001e3a3e80000, 0x000001e3a40f0000, 0x000001e3a4420000]
CodeCache: size=245760Kb, used=13658Kb, max_used=13712Kb, free=232099Kb
 total_blobs=5603, nmethods=4949, adapters=560, full_count=0
Compilation: enabled, stopped_count=0, restarted_count=0

Compilation events (20 events):
Event: 5.425 Thread 0x000001e399803180 5445       1       com.google.common.collect.SingletonImmutableSet::size (2 bytes)
Event: 5.425 Thread 0x000001e399803180 nmethod 5445 0x000001e3a4668490 code [0x000001e3a4668620, 0x000001e3a46686e8]
Event: 5.426 Thread 0x000001e399803180 5446       3       org.eclipse.sisu.bean.BeanPropertyField::getName (8 bytes)
Event: 5.426 Thread 0x000001e399803180 nmethod 5446 0x000001e39d2fbe90 code [0x000001e39d2fc020, 0x000001e39d2fc150]
Event: 5.427 Thread 0x000001e399803180 5447       3       java.util.TreeMap::values (25 bytes)
Event: 5.428 Thread 0x000001e399803180 nmethod 5447 0x000001e39d2fc210 code [0x000001e39d2fc3c0, 0x000001e39d2fc6a8]
Event: 5.428 Thread 0x000001e399803180 5448       3       java.util.TreeMap$Values::<init> (10 bytes)
Event: 5.428 Thread 0x000001e399803180 nmethod 5448 0x000001e39d2fc810 code [0x000001e39d2fc9c0, 0x000001e39d2fcba0]
Event: 5.428 Thread 0x000001e399803180 5449       3       java.lang.invoke.DirectMethodHandle$Holder::newInvokeSpecial (21 bytes)
Event: 5.428 Thread 0x000001e399803180 nmethod 5449 0x000001e39d2fcc90 code [0x000001e39d2fce80, 0x000001e39d2fd550]
Event: 5.428 Thread 0x000001e399803180 5450       3       java.lang.invoke.MethodType::methodType (100 bytes)
Event: 5.429 Thread 0x000001e399803180 nmethod 5450 0x000001e39d2fd710 code [0x000001e39d2fd940, 0x000001e39d2fe0c8]
Event: 5.429 Thread 0x000001e399803180 5451       3       com.google.common.collect.AbstractMapBasedMultimap$WrappedCollection::size (14 bytes)
Event: 5.429 Thread 0x000001e399803180 nmethod 5451 0x000001e39d2fe310 code [0x000001e39d2fe4c0, 0x000001e39d2fe760]
Event: 5.429 Thread 0x000001e399803180 5452       3       java.lang.invoke.LambdaForm$MH/0x000001e3b121e400::invoke (37 bytes)
Event: 5.429 Thread 0x000001e399803180 nmethod 5452 0x000001e39d2fe890 code [0x000001e39d2feaa0, 0x000001e39d2ff430]
Event: 5.429 Thread 0x000001e399803180 5453       3       java.lang.reflect.Field::setOverrideFieldAccessor (20 bytes)
Event: 5.430 Thread 0x000001e399803180 nmethod 5453 0x000001e39d2ff690 code [0x000001e39d2ff840, 0x000001e39d2ffa80]
Event: 5.431 Thread 0x000001e399803180 5454       3       com.google.common.collect.AbstractMapBasedMultimap::get (31 bytes)
Event: 5.431 Thread 0x000001e399803180 nmethod 5454 0x000001e39d2ffb90 code [0x000001e39d2ffd80, 0x000001e39d300250]

GC Heap History (20 events):
Event: 3.922 GC heap before
{Heap before GC invocations=10 (full 1):
 PSYoungGen      total 25088K, used 24835K [0x00000000d5580000, 0x00000000d7400000, 0x0000000100000000)
  eden space 24064K, 100% used [0x00000000d5580000,0x00000000d6d00000,0x00000000d6d00000)
  from space 1024K, 75% used [0x00000000d7300000,0x00000000d73c0d18,0x00000000d7400000)
  to   space 2560K, 0% used [0x00000000d6f00000,0x00000000d6f00000,0x00000000d7180000)
 ParOldGen       total 68608K, used 13127K [0x0000000080000000, 0x0000000084300000, 0x00000000d5580000)
  object space 68608K, 19% used [0x0000000080000000,0x0000000080cd1c38,0x0000000084300000)
 Metaspace       used 26427K, committed 27264K, reserved 1114112K
  class space    used 2621K, committed 2944K, reserved 1048576K
}
Event: 3.923 GC heap after
{Heap after GC invocations=10 (full 1):
 PSYoungGen      total 26112K, used 2551K [0x00000000d5580000, 0x00000000d7380000, 0x0000000100000000)
  eden space 23552K, 0% used [0x00000000d5580000,0x00000000d5580000,0x00000000d6c80000)
  from space 2560K, 99% used [0x00000000d6f00000,0x00000000d717df40,0x00000000d7180000)
  to   space 2048K, 0% used [0x00000000d7180000,0x00000000d7180000,0x00000000d7380000)
 ParOldGen       total 68608K, used 13143K [0x0000000080000000, 0x0000000084300000, 0x00000000d5580000)
  object space 68608K, 19% used [0x0000000080000000,0x0000000080cd5c38,0x0000000084300000)
 Metaspace       used 26427K, committed 27264K, reserved 1114112K
  class space    used 2621K, committed 2944K, reserved 1048576K
}
Event: 4.046 GC heap before
{Heap before GC invocations=11 (full 1):
 PSYoungGen      total 26112K, used 26103K [0x00000000d5580000, 0x00000000d7380000, 0x0000000100000000)
  eden space 23552K, 100% used [0x00000000d5580000,0x00000000d6c80000,0x00000000d6c80000)
  from space 2560K, 99% used [0x00000000d6f00000,0x00000000d717df40,0x00000000d7180000)
  to   space 2048K, 0% used [0x00000000d7180000,0x00000000d7180000,0x00000000d7380000)
 ParOldGen       total 68608K, used 13143K [0x0000000080000000, 0x0000000084300000, 0x00000000d5580000)
  object space 68608K, 19% used [0x0000000080000000,0x0000000080cd5c38,0x0000000084300000)
 Metaspace       used 28327K, committed 29184K, reserved 1114112K
  class space    used 2787K, committed 3136K, reserved 1048576K
}
Event: 4.048 GC heap after
{Heap after GC invocations=11 (full 1):
 PSYoungGen      total 25088K, used 2016K [0x00000000d5580000, 0x00000000d7380000, 0x0000000100000000)
  eden space 23040K, 0% used [0x00000000d5580000,0x00000000d5580000,0x00000000d6c00000)
  from space 2048K, 98% used [0x00000000d7180000,0x00000000d73780f0,0x00000000d7380000)
  to   space 3584K, 0% used [0x00000000d6c80000,0x00000000d6c80000,0x00000000d7000000)
 ParOldGen       total 68608K, used 14491K [0x0000000080000000, 0x0000000084300000, 0x00000000d5580000)
  object space 68608K, 21% used [0x0000000080000000,0x0000000080e26da8,0x0000000084300000)
 Metaspace       used 28327K, committed 29184K, reserved 1114112K
  class space    used 2787K, committed 3136K, reserved 1048576K
}
Event: 4.208 GC heap before
{Heap before GC invocations=12 (full 1):
 PSYoungGen      total 25088K, used 25055K [0x00000000d5580000, 0x00000000d7380000, 0x0000000100000000)
  eden space 23040K, 99% used [0x00000000d5580000,0x00000000d6bffd90,0x00000000d6c00000)
  from space 2048K, 98% used [0x00000000d7180000,0x00000000d73780f0,0x00000000d7380000)
  to   space 3584K, 0% used [0x00000000d6c80000,0x00000000d6c80000,0x00000000d7000000)
 ParOldGen       total 68608K, used 14491K [0x0000000080000000, 0x0000000084300000, 0x00000000d5580000)
  object space 68608K, 21% used [0x0000000080000000,0x0000000080e26da8,0x0000000084300000)
 Metaspace       used 31515K, committed 32512K, reserved 1114112K
  class space    used 3171K, committed 3584K, reserved 1048576K
}
Event: 4.211 GC heap after
{Heap after GC invocations=12 (full 1):
 PSYoungGen      total 24576K, used 1779K [0x00000000d5580000, 0x00000000d7200000, 0x0000000100000000)
  eden space 22528K, 0% used [0x00000000d5580000,0x00000000d5580000,0x00000000d6b80000)
  from space 2048K, 86% used [0x00000000d6c80000,0x00000000d6e3cff0,0x00000000d6e80000)
  to   space 2560K, 0% used [0x00000000d6f80000,0x00000000d6f80000,0x00000000d7200000)
 ParOldGen       total 68608K, used 16517K [0x0000000080000000, 0x0000000084300000, 0x00000000d5580000)
  object space 68608K, 24% used [0x0000000080000000,0x0000000081021440,0x0000000084300000)
 Metaspace       used 31515K, committed 32512K, reserved 1114112K
  class space    used 3171K, committed 3584K, reserved 1048576K
}
Event: 4.359 GC heap before
{Heap before GC invocations=13 (full 1):
 PSYoungGen      total 24576K, used 24300K [0x00000000d5580000, 0x00000000d7200000, 0x0000000100000000)
  eden space 22528K, 99% used [0x00000000d5580000,0x00000000d6b7e040,0x00000000d6b80000)
  from space 2048K, 86% used [0x00000000d6c80000,0x00000000d6e3cff0,0x00000000d6e80000)
  to   space 2560K, 0% used [0x00000000d6f80000,0x00000000d6f80000,0x00000000d7200000)
 ParOldGen       total 68608K, used 16517K [0x0000000080000000, 0x0000000084300000, 0x00000000d5580000)
  object space 68608K, 24% used [0x0000000080000000,0x0000000081021440,0x0000000084300000)
 Metaspace       used 34190K, committed 35264K, reserved 1114112K
  class space    used 3539K, committed 4032K, reserved 1048576K
}
Event: 4.361 GC heap after
{Heap after GC invocations=13 (full 1):
 PSYoungGen      total 24576K, used 2288K [0x00000000d5580000, 0x00000000d7200000, 0x0000000100000000)
  eden space 22016K, 0% used [0x00000000d5580000,0x00000000d5580000,0x00000000d6b00000)
  from space 2560K, 89% used [0x00000000d6f80000,0x00000000d71bc010,0x00000000d7200000)
  to   space 2560K, 0% used [0x00000000d6d00000,0x00000000d6d00000,0x00000000d6f80000)
 ParOldGen       total 68608K, used 17736K [0x0000000080000000, 0x0000000084300000, 0x00000000d5580000)
  object space 68608K, 25% used [0x0000000080000000,0x0000000081152020,0x0000000084300000)
 Metaspace       used 34190K, committed 35264K, reserved 1114112K
  class space    used 3539K, committed 4032K, reserved 1048576K
}
Event: 4.384 GC heap before
{Heap before GC invocations=14 (full 1):
 PSYoungGen      total 24576K, used 6895K [0x00000000d5580000, 0x00000000d7200000, 0x0000000100000000)
  eden space 22016K, 20% used [0x00000000d5580000,0x00000000d59fffc0,0x00000000d6b00000)
  from space 2560K, 89% used [0x00000000d6f80000,0x00000000d71bc010,0x00000000d7200000)
  to   space 2560K, 0% used [0x00000000d6d00000,0x00000000d6d00000,0x00000000d6f80000)
 ParOldGen       total 68608K, used 17736K [0x0000000080000000, 0x0000000084300000, 0x00000000d5580000)
  object space 68608K, 25% used [0x0000000080000000,0x0000000081152020,0x0000000084300000)
 Metaspace       used 34779K, committed 35904K, reserved 1114112K
  class space    used 3616K, committed 4096K, reserved 1048576K
}
Event: 4.386 GC heap after
{Heap after GC invocations=14 (full 1):
 PSYoungGen      total 22528K, used 508K [0x00000000d5580000, 0x00000000d7000000, 0x0000000100000000)
  eden space 22016K, 0% used [0x00000000d5580000,0x00000000d5580000,0x00000000d6b00000)
  from space 512K, 99% used [0x00000000d6d00000,0x00000000d6d7f208,0x00000000d6d80000)
  to   space 1536K, 0% used [0x00000000d6e80000,0x00000000d6e80000,0x00000000d7000000)
 ParOldGen       total 68608K, used 19766K [0x0000000080000000, 0x0000000084300000, 0x00000000d5580000)
  object space 68608K, 28% used [0x0000000080000000,0x000000008134d940,0x0000000084300000)
 Metaspace       used 34779K, committed 35904K, reserved 1114112K
  class space    used 3616K, committed 4096K, reserved 1048576K
}
Event: 4.403 GC heap before
{Heap before GC invocations=15 (full 1):
 PSYoungGen      total 22528K, used 3663K [0x00000000d5580000, 0x00000000d7000000, 0x0000000100000000)
  eden space 22016K, 14% used [0x00000000d5580000,0x00000000d5894ca8,0x00000000d6b00000)
  from space 512K, 99% used [0x00000000d6d00000,0x00000000d6d7f208,0x00000000d6d80000)
  to   space 1536K, 0% used [0x00000000d6e80000,0x00000000d6e80000,0x00000000d7000000)
 ParOldGen       total 68608K, used 19766K [0x0000000080000000, 0x0000000084300000, 0x00000000d5580000)
  object space 68608K, 28% used [0x0000000080000000,0x000000008134d940,0x0000000084300000)
 Metaspace       used 35152K, committed 36160K, reserved 1114112K
  class space    used 3668K, committed 4096K, reserved 1048576K
}
Event: 4.404 GC heap after
{Heap after GC invocations=15 (full 1):
 PSYoungGen      total 22528K, used 352K [0x00000000d5580000, 0x00000000d6f00000, 0x0000000100000000)
  eden space 22016K, 0% used [0x00000000d5580000,0x00000000d5580000,0x00000000d6b00000)
  from space 512K, 68% used [0x00000000d6e80000,0x00000000d6ed8000,0x00000000d6f00000)
  to   space 1024K, 0% used [0x00000000d6d00000,0x00000000d6d00000,0x00000000d6e00000)
 ParOldGen       total 68608K, used 20014K [0x0000000080000000, 0x0000000084300000, 0x00000000d5580000)
  object space 68608K, 29% used [0x0000000080000000,0x000000008138b940,0x0000000084300000)
 Metaspace       used 35152K, committed 36160K, reserved 1114112K
  class space    used 3668K, committed 4096K, reserved 1048576K
}
Event: 4.404 GC heap before
{Heap before GC invocations=16 (full 2):
 PSYoungGen      total 22528K, used 352K [0x00000000d5580000, 0x00000000d6f00000, 0x0000000100000000)
  eden space 22016K, 0% used [0x00000000d5580000,0x00000000d5580000,0x00000000d6b00000)
  from space 512K, 68% used [0x00000000d6e80000,0x00000000d6ed8000,0x00000000d6f00000)
  to   space 1024K, 0% used [0x00000000d6d00000,0x00000000d6d00000,0x00000000d6e00000)
 ParOldGen       total 68608K, used 20014K [0x0000000080000000, 0x0000000084300000, 0x00000000d5580000)
  object space 68608K, 29% used [0x0000000080000000,0x000000008138b940,0x0000000084300000)
 Metaspace       used 35152K, committed 36160K, reserved 1114112K
  class space    used 3668K, committed 4096K, reserved 1048576K
}
Event: 4.426 GC heap after
{Heap after GC invocations=16 (full 2):
 PSYoungGen      total 22528K, used 0K [0x00000000d5580000, 0x00000000d6f00000, 0x0000000100000000)
  eden space 22016K, 0% used [0x00000000d5580000,0x00000000d5580000,0x00000000d6b00000)
  from space 512K, 0% used [0x00000000d6e80000,0x00000000d6e80000,0x00000000d6f00000)
  to   space 1024K, 0% used [0x00000000d6d00000,0x00000000d6d00000,0x00000000d6e00000)
 ParOldGen       total 68608K, used 19181K [0x0000000080000000, 0x0000000084300000, 0x00000000d5580000)
  object space 68608K, 27% used [0x0000000080000000,0x00000000812bb620,0x0000000084300000)
 Metaspace       used 35152K, committed 36160K, reserved 1114112K
  class space    used 3668K, committed 4096K, reserved 1048576K
}
Event: 4.588 GC heap before
{Heap before GC invocations=17 (full 2):
 PSYoungGen      total 22528K, used 22016K [0x00000000d5580000, 0x00000000d6f00000, 0x0000000100000000)
  eden space 22016K, 100% used [0x00000000d5580000,0x00000000d6b00000,0x00000000d6b00000)
  from space 512K, 0% used [0x00000000d6e80000,0x00000000d6e80000,0x00000000d6f00000)
  to   space 1024K, 0% used [0x00000000d6d00000,0x00000000d6d00000,0x00000000d6e00000)
 ParOldGen       total 68608K, used 19181K [0x0000000080000000, 0x0000000084300000, 0x00000000d5580000)
  object space 68608K, 27% used [0x0000000080000000,0x00000000812bb620,0x0000000084300000)
 Metaspace       used 36822K, committed 37888K, reserved 1114112K
  class space    used 3896K, committed 4352K, reserved 1048576K
}
Event: 4.589 GC heap after
{Heap after GC invocations=17 (full 2):
 PSYoungGen      total 23040K, used 1024K [0x00000000d5580000, 0x00000000d6f00000, 0x0000000100000000)
  eden space 22016K, 0% used [0x00000000d5580000,0x00000000d5580000,0x00000000d6b00000)
  from space 1024K, 100% used [0x00000000d6d00000,0x00000000d6e00000,0x00000000d6e00000)
  to   space 1024K, 0% used [0x00000000d6e00000,0x00000000d6e00000,0x00000000d6f00000)
 ParOldGen       total 68608K, used 19230K [0x0000000080000000, 0x0000000084300000, 0x00000000d5580000)
  object space 68608K, 28% used [0x0000000080000000,0x00000000812c7aa8,0x0000000084300000)
 Metaspace       used 36822K, committed 37888K, reserved 1114112K
  class space    used 3896K, committed 4352K, reserved 1048576K
}
Event: 4.813 GC heap before
{Heap before GC invocations=18 (full 2):
 PSYoungGen      total 23040K, used 23040K [0x00000000d5580000, 0x00000000d6f00000, 0x0000000100000000)
  eden space 22016K, 100% used [0x00000000d5580000,0x00000000d6b00000,0x00000000d6b00000)
  from space 1024K, 100% used [0x00000000d6d00000,0x00000000d6e00000,0x00000000d6e00000)
  to   space 1024K, 0% used [0x00000000d6e00000,0x00000000d6e00000,0x00000000d6f00000)
 ParOldGen       total 68608K, used 19230K [0x0000000080000000, 0x0000000084300000, 0x00000000d5580000)
  object space 68608K, 28% used [0x0000000080000000,0x00000000812c7aa8,0x0000000084300000)
 Metaspace       used 38667K, committed 39808K, reserved 1114112K
  class space    used 4147K, committed 4608K, reserved 1048576K
}
Event: 4.815 GC heap after
{Heap after GC invocations=18 (full 2):
 PSYoungGen      total 23040K, used 704K [0x00000000d5580000, 0x00000000d6f00000, 0x0000000100000000)
  eden space 22016K, 0% used [0x00000000d5580000,0x00000000d5580000,0x00000000d6b00000)
  from space 1024K, 68% used [0x00000000d6e00000,0x00000000d6eb0000,0x00000000d6f00000)
  to   space 1024K, 0% used [0x00000000d6d00000,0x00000000d6d00000,0x00000000d6e00000)
 ParOldGen       total 68608K, used 20158K [0x0000000080000000, 0x0000000084300000, 0x00000000d5580000)
  object space 68608K, 29% used [0x0000000080000000,0x00000000813afaa8,0x0000000084300000)
 Metaspace       used 38667K, committed 39808K, reserved 1114112K
  class space    used 4147K, committed 4608K, reserved 1048576K
}
Event: 5.092 GC heap before
{Heap before GC invocations=19 (full 2):
 PSYoungGen      total 23040K, used 22720K [0x00000000d5580000, 0x00000000d6f00000, 0x0000000100000000)
  eden space 22016K, 100% used [0x00000000d5580000,0x00000000d6b00000,0x00000000d6b00000)
  from space 1024K, 68% used [0x00000000d6e00000,0x00000000d6eb0000,0x00000000d6f00000)
  to   space 1024K, 0% used [0x00000000d6d00000,0x00000000d6d00000,0x00000000d6e00000)
 ParOldGen       total 68608K, used 20158K [0x0000000080000000, 0x0000000084300000, 0x00000000d5580000)
  object space 68608K, 29% used [0x0000000080000000,0x00000000813afaa8,0x0000000084300000)
 Metaspace       used 41125K, committed 42304K, reserved 1114112K
  class space    used 4457K, committed 4928K, reserved 1048576K
}
Event: 5.093 GC heap after
{Heap after GC invocations=19 (full 2):
 PSYoungGen      total 23040K, used 1024K [0x00000000d5580000, 0x00000000d6f00000, 0x0000000100000000)
  eden space 22016K, 0% used [0x00000000d5580000,0x00000000d5580000,0x00000000d6b00000)
  from space 1024K, 100% used [0x00000000d6d00000,0x00000000d6e00000,0x00000000d6e00000)
  to   space 1024K, 0% used [0x00000000d6e00000,0x00000000d6e00000,0x00000000d6f00000)
 ParOldGen       total 68608K, used 20694K [0x0000000080000000, 0x0000000084300000, 0x00000000d5580000)
  object space 68608K, 30% used [0x0000000080000000,0x0000000081435aa8,0x0000000084300000)
 Metaspace       used 41125K, committed 42304K, reserved 1114112K
  class space    used 4457K, committed 4928K, reserved 1048576K
}

Dll operation events (10 events):
Event: 0.012 Loaded shared library c:\Users\praty\.vscode\extensions\redhat.java-1.55.0-win32-x64\jre\21.0.11-win32-x86_64\bin\java.dll
Event: 0.057 Loaded shared library c:\Users\praty\.vscode\extensions\redhat.java-1.55.0-win32-x64\jre\21.0.11-win32-x86_64\bin\zip.dll
Event: 0.070 Loaded shared library C:\Users\praty\.vscode\extensions\redhat.java-1.55.0-win32-x64\jre\21.0.11-win32-x86_64\bin\instrument.dll
Event: 0.073 Loaded shared library C:\Users\praty\.vscode\extensions\redhat.java-1.55.0-win32-x64\jre\21.0.11-win32-x86_64\bin\net.dll
Event: 0.075 Loaded shared library C:\Users\praty\.vscode\extensions\redhat.java-1.55.0-win32-x64\jre\21.0.11-win32-x86_64\bin\nio.dll
Event: 0.078 Loaded shared library C:\Users\praty\.vscode\extensions\redhat.java-1.55.0-win32-x64\jre\21.0.11-win32-x86_64\bin\zip.dll
Event: 0.088 Loaded shared library C:\Users\praty\.vscode\extensions\redhat.java-1.55.0-win32-x64\jre\21.0.11-win32-x86_64\bin\jimage.dll
Event: 0.133 Loaded shared library c:\Users\praty\.vscode\extensions\redhat.java-1.55.0-win32-x64\jre\21.0.11-win32-x86_64\bin\verify.dll
Event: 0.840 Loaded shared library C:\Users\praty\AppData\Roaming\Code\User\globalStorage\redhat.java\1.55.0\config_win\org.eclipse.equinox.launcher\org.eclipse.equinox.launcher.win32.win32.x86_64_1.3.100.v20260613-0559\eclipse_11924.dll
Event: 3.440 Loaded shared library C:\Users\praty\AppData\Local\Temp\jna-106927460\jna15267173510976083913.dll

Deoptimization events (20 events):
Event: 5.252 Thread 0x000001e3f82ef0e0 Uncommon trap: trap_request=0xffffffd6 fr.pc=0x000001e3a465a7e8 relative=0x00000000000000c8
Event: 5.252 Thread 0x000001e3f82ef0e0 Uncommon trap: reason=array_check action=maybe_recompile pc=0x000001e3a465a7e8 method=java.util.stream.Nodes$FixedNodeBuilder.accept(Ljava/lang/Object;)V @ 28 c2
Event: 5.252 Thread 0x000001e3f82ef0e0 DEOPT PACKING pc=0x000001e3a465a7e8 sp=0x0000002f678fcf70
Event: 5.252 Thread 0x000001e3f82ef0e0 DEOPT UNPACKING pc=0x000001e3a3ed3aa2 sp=0x0000002f678fcef0 mode 2
Event: 5.252 Thread 0x000001e3f82ef0e0 Uncommon trap: trap_request=0xffffffd6 fr.pc=0x000001e3a465a7e8 relative=0x00000000000000c8
Event: 5.252 Thread 0x000001e3f82ef0e0 Uncommon trap: reason=array_check action=maybe_recompile pc=0x000001e3a465a7e8 method=java.util.stream.Nodes$FixedNodeBuilder.accept(Ljava/lang/Object;)V @ 28 c2
Event: 5.252 Thread 0x000001e3f82ef0e0 DEOPT PACKING pc=0x000001e3a465a7e8 sp=0x0000002f678fcf50
Event: 5.252 Thread 0x000001e3f82ef0e0 DEOPT UNPACKING pc=0x000001e3a3ed3aa2 sp=0x0000002f678fced0 mode 2
Event: 5.252 Thread 0x000001e3f82ef0e0 Uncommon trap: trap_request=0xffffffd6 fr.pc=0x000001e3a465a7e8 relative=0x00000000000000c8
Event: 5.252 Thread 0x000001e3f82ef0e0 Uncommon trap: reason=array_check action=maybe_recompile pc=0x000001e3a465a7e8 method=java.util.stream.Nodes$FixedNodeBuilder.accept(Ljava/lang/Object;)V @ 28 c2
Event: 5.252 Thread 0x000001e3f82ef0e0 DEOPT PACKING pc=0x000001e3a465a7e8 sp=0x0000002f678fcf50
Event: 5.252 Thread 0x000001e3f82ef0e0 DEOPT UNPACKING pc=0x000001e3a3ed3aa2 sp=0x0000002f678fced0 mode 2
Event: 5.384 Thread 0x000001e3f82ef0e0 DEOPT PACKING pc=0x000001e39cf57d3c sp=0x0000002f678fbf00
Event: 5.384 Thread 0x000001e3f82ef0e0 DEOPT UNPACKING pc=0x000001e3a3ed4242 sp=0x0000002f678fb420 mode 0
Event: 5.395 Thread 0x000001e3f82ef0e0 DEOPT PACKING pc=0x000001e39d1e0ed6 sp=0x0000002f678fe940
Event: 5.395 Thread 0x000001e3f82ef0e0 DEOPT UNPACKING pc=0x000001e3a3ed4242 sp=0x0000002f678fde50 mode 0
Event: 5.399 Thread 0x000001e3f82ef0e0 Uncommon trap: trap_request=0x00000259 fr.pc=0x000001e3a4514700 relative=0x00000000000000e0
Event: 5.399 Thread 0x000001e3f82ef0e0 Uncommon trap: reason=unloaded action=reinterpret pc=0x000001e3a4514700 method=org.codehaus.plexus.util.xml.pull.MXParser.more()C @ 22 c2
Event: 5.399 Thread 0x000001e3f82ef0e0 DEOPT PACKING pc=0x000001e3a4514700 sp=0x0000002f678fea10
Event: 5.399 Thread 0x000001e3f82ef0e0 DEOPT UNPACKING pc=0x000001e3a3ed3aa2 sp=0x0000002f678fe9b0 mode 2

Classes loaded (20 events):
Event: 4.739 Loading class sun/reflect/annotation/AnnotatedTypeFactory$AnnotatedParameterizedTypeImpl
Event: 4.739 Loading class java/lang/reflect/AnnotatedParameterizedType
Event: 4.739 Loading class java/lang/reflect/AnnotatedParameterizedType done
Event: 4.739 Loading class sun/reflect/annotation/AnnotatedTypeFactory$AnnotatedParameterizedTypeImpl done
Event: 4.816 Loading class java/util/concurrent/CompletionService
Event: 4.816 Loading class java/util/concurrent/CompletionService done
Event: 4.894 Loading class sun/reflect/generics/scope/ConstructorScope
Event: 4.894 Loading class sun/reflect/generics/scope/ConstructorScope done
Event: 4.894 Loading class sun/reflect/generics/tree/VoidDescriptor
Event: 4.894 Loading class sun/reflect/generics/tree/VoidDescriptor done
Event: 4.956 Loading class java/nio/channels/ServerSocketChannel
Event: 4.957 Loading class java/nio/channels/ServerSocketChannel done
Event: 5.080 Loading class java/lang/ExceptionInInitializerError
Event: 5.080 Loading class java/lang/ExceptionInInitializerError done
Event: 5.080 Loading class sun/misc/Unsafe
Event: 5.080 Loading class sun/misc/Unsafe done
Event: 5.096 Loading class jdk/internal/org/objectweb/asm/ClassReader
Event: 5.097 Loading class jdk/internal/org/objectweb/asm/ClassReader done
Event: 5.395 Loading class java/lang/ProcessEnvironment$CheckedKeySet
Event: 5.395 Loading class java/lang/ProcessEnvironment$CheckedKeySet done

Classes unloaded (7 events):
Event: 3.723 Thread 0x000001e3973febc0 Unloading class 0x000001e3b11aa000 'java/lang/invoke/LambdaForm$MH+0x000001e3b11aa000'
Event: 3.723 Thread 0x000001e3973febc0 Unloading class 0x000001e3b11a9c00 'java/lang/invoke/LambdaForm$MH+0x000001e3b11a9c00'
Event: 3.723 Thread 0x000001e3973febc0 Unloading class 0x000001e3b11a9800 'java/lang/invoke/LambdaForm$MH+0x000001e3b11a9800'
Event: 3.723 Thread 0x000001e3973febc0 Unloading class 0x000001e3b11a9400 'java/lang/invoke/LambdaForm$MH+0x000001e3b11a9400'
Event: 3.723 Thread 0x000001e3973febc0 Unloading class 0x000001e3b11a9000 'java/lang/invoke/LambdaForm$BMH+0x000001e3b11a9000'
Event: 3.723 Thread 0x000001e3973febc0 Unloading class 0x000001e3b11a8c00 'java/lang/invoke/LambdaForm$DMH+0x000001e3b11a8c00'
Event: 3.723 Thread 0x000001e3973febc0 Unloading class 0x000001e3b11a3800 'java/lang/invoke/LambdaForm$DMH+0x000001e3b11a3800'

Classes redefined (0 events):
No events

Internal exceptions (20 events):
Event: 4.228 Thread 0x000001e3f82ef0e0 Exception <a 'java/lang/NoSuchMethodError'{0x00000000d592f440}: 'int java.lang.invoke.DirectMethodHandle$Holder.invokeStaticInit(java.lang.Object, float, float)'> (0x00000000d592f440) 
thrown [s\src\hotspot\share\interpreter\linkResolver.cpp, line 773]
Event: 4.229 Thread 0x000001e3f82ef0e0 Exception <a 'java/lang/NoSuchMethodError'{0x00000000d5940990}: 'int java.lang.invoke.DirectMethodHandle$Holder.invokeStaticInit(java.lang.Object, double, double)'> (0x00000000d5940990) 
thrown [s\src\hotspot\share\interpreter\linkResolver.cpp, line 773]
Event: 4.229 Thread 0x000001e3f82ef0e0 Exception <a 'java/lang/NoSuchMethodError'{0x00000000d5944fe0}: 'int java.lang.invoke.DirectMethodHandle$Holder.invokeStatic(java.lang.Object, long)'> (0x00000000d5944fe0) 
thrown [s\src\hotspot\share\interpreter\linkResolver.cpp, line 773]
Event: 4.232 Thread 0x000001e3f82ef0e0 Exception <a 'java/lang/NoSuchMethodError'{0x00000000d599c7c8}: 'int java.lang.invoke.Invokers$Holder.linkToTargetMethod(java.lang.Object, java.lang.Object)'> (0x00000000d599c7c8) 
thrown [s\src\hotspot\share\interpreter\linkResolver.cpp, line 773]
Event: 4.266 Thread 0x000001e3f82ef0e0 Exception <a 'java/lang/NoSuchMethodError'{0x00000000d5e00690}: 'java.lang.Object java.lang.invoke.DirectMethodHandle$Holder.invokeSpecialIFC(java.lang.Object, java.lang.Object, java.lang.Object, java.lang.Object)'> (0x00000000d5e00690) 
thrown [s\src\hotspot\share\interpreter\linkResolver.cpp, line 773]
Event: 4.379 Thread 0x000001e399755790 Exception <a 'java/lang/NoSuchMethodError'{0x00000000d5934298}: 'void java.lang.invoke.DirectMethodHandle$Holder.invokeSpecial(java.lang.Object, java.lang.Object, java.lang.Object, java.lang.Object, java.lang.Object, java.lang.Object)'> (0x00000000d5934298) 
thrown [s\src\hotspot\share\interpreter\linkResolver.cpp, line 773]
Event: 4.380 Thread 0x000001e399755790 Exception <a 'java/lang/IncompatibleClassChangeError'{0x00000000d5953a20}: Found class java.lang.Object, but interface was expected> (0x00000000d5953a20) 
thrown [s\src\hotspot\share\interpreter\linkResolver.cpp, line 840]
Event: 4.380 Thread 0x000001e399755790 Exception <a 'java/lang/IncompatibleClassChangeError'{0x00000000d5954bd8}: Found class java.lang.Object, but interface was expected> (0x00000000d5954bd8) 
thrown [s\src\hotspot\share\interpreter\linkResolver.cpp, line 840]
Event: 4.497 Thread 0x000001e3f82ef0e0 Exception <a 'java/lang/NoClassDefFoundError'{0x00000000d5e5bf50}: javax/enterprise/inject/Typed> (0x00000000d5e5bf50) 
thrown [s\src\hotspot\share\classfile\systemDictionary.cpp, line 302]
Event: 4.711 Thread 0x000001e3f82eea50 Exception <a 'java/lang/NoSuchMethodError'{0x00000000d624a948}: 'int java.lang.invoke.DirectMethodHandle$Holder.invokeSpecial(java.lang.Object, java.lang.Object, java.lang.Object, java.lang.Object)'> (0x00000000d624a948) 
thrown [s\src\hotspot\share\interpreter\linkResolver.cpp, line 773]
Event: 4.713 Thread 0x000001e3f82eea50 Exception <a 'java/lang/NoSuchMethodError'{0x00000000d62e60f8}: 'java.lang.Object java.lang.invoke.DirectMethodHandle$Holder.invokeStatic(java.lang.Object, int, java.lang.Object, java.lang.Object)'> (0x00000000d62e60f8) 
thrown [s\src\hotspot\share\interpreter\linkResolver.cpp, line 773]
Event: 4.713 Thread 0x000001e3f82eea50 Exception <a 'java/lang/NoSuchMethodError'{0x00000000d62e98f8}: 'java.lang.Object java.lang.invoke.DelegatingMethodHandle$Holder.delegate(java.lang.Object, int, java.lang.Object, java.lang.Object)'> (0x00000000d62e98f8) 
thrown [s\src\hotspot\share\interpreter\linkResolver.cpp, line 773]
Event: 4.715 Thread 0x000001e3f82eea50 Exception <a 'java/lang/NoSuchMethodError'{0x00000000d6358128}: 'int java.lang.invoke.Invokers$Holder.linkToTargetMethod(java.lang.Object, java.lang.Object, java.lang.Object)'> (0x00000000d6358128) 
thrown [s\src\hotspot\share\interpreter\linkResolver.cpp, line 773]
Event: 5.077 Thread 0x000001e3f82ef0e0 Exception <a 'java/lang/NoSuchMethodError'{0x00000000d6a150c8}: 'void java.lang.invoke.DirectMethodHandle$Holder.invokeStaticInit(java.lang.Object, java.lang.Object, java.lang.Object)'> (0x00000000d6a150c8) 
thrown [s\src\hotspot\share\interpreter\linkResolver.cpp, line 773]
Event: 5.081 Thread 0x000001e3f82ef0e0 Exception <a 'java/lang/ExceptionInInitializerError'{0x00000000d6a56d30}> (0x00000000d6a56d30) 
thrown [s\src\hotspot\share\oops\instanceKlass.cpp, line 1218]
Event: 5.090 Thread 0x000001e3f82ef0e0 Exception <a 'java/lang/NoSuchMethodError'{0x00000000d6ad3858}: 'long java.lang.invoke.DirectMethodHandle$Holder.invokeStatic(java.lang.Object, java.lang.Object, int)'> (0x00000000d6ad3858) 
thrown [s\src\hotspot\share\interpreter\linkResolver.cpp, line 773]
Event: 5.098 Thread 0x000001e3f82ef0e0 Implicit null exception at 0x000001e3a453e2fe to 0x000001e3a453e570
Event: 5.098 Thread 0x000001e3f82ef0e0 Implicit null exception at 0x000001e3a44c8c9c to 0x000001e3a44c9bb8
Event: 5.100 Thread 0x000001e3f82ef0e0 Exception <a 'java/lang/NoSuchMethodError'{0x00000000d55b4798}: 'java.lang.Object java.lang.invoke.Invokers$Holder.invokeExact_MT(java.lang.Object, int, java.lang.Object)'> (0x00000000d55b4798) 
thrown [s\src\hotspot\share\interpreter\linkResolver.cpp, line 773]
Event: 5.385 Thread 0x000001e3f82ef0e0 Exception <a 'java/lang/NoClassDefFoundError'{0x00000000d62be0e8}: com/google/inject/servlet/ServletModuleTargetVisitor> (0x00000000d62be0e8) 
thrown [s\src\hotspot\share\classfile\systemDictionary.cpp, line 302]

ZGC Phase Switch (0 events):
No events

VM Operations (20 events):
Event: 4.384 Executing safepoint VM operation: ParallelGCSystemGC (GCLocker Initiated GC)
Event: 4.386 Executing safepoint VM operation: ParallelGCSystemGC (GCLocker Initiated GC) done
Event: 4.403 Executing safepoint VM operation: CollectForMetadataAllocation (Metadata GC Threshold)
Event: 4.426 Executing safepoint VM operation: CollectForMetadataAllocation (Metadata GC Threshold) done
Event: 4.426 Executing safepoint VM operation: CollectForMetadataAllocation (Metadata GC Threshold)
Event: 4.426 Executing safepoint VM operation: CollectForMetadataAllocation (Metadata GC Threshold) done
Event: 4.487 Executing non-safepoint VM operation: HandshakeAllThreads (Deoptimize)
Event: 4.487 Executing non-safepoint VM operation: HandshakeAllThreads (Deoptimize) done
Event: 4.588 Executing safepoint VM operation: ParallelGCFailedAllocation (Allocation Failure)
Event: 4.589 Executing safepoint VM operation: ParallelGCFailedAllocation (Allocation Failure) done
Event: 4.780 Executing non-safepoint VM operation: HandshakeAllThreads (Deoptimize)
Event: 4.780 Executing non-safepoint VM operation: HandshakeAllThreads (Deoptimize) done
Event: 4.813 Executing safepoint VM operation: ParallelGCFailedAllocation (Allocation Failure)
Event: 4.815 Executing safepoint VM operation: ParallelGCFailedAllocation (Allocation Failure) done
Event: 4.936 Executing non-safepoint VM operation: HandshakeAllThreads (Deoptimize)
Event: 4.936 Executing non-safepoint VM operation: HandshakeAllThreads (Deoptimize) done
Event: 5.092 Executing safepoint VM operation: ParallelGCFailedAllocation (Allocation Failure)
Event: 5.093 Executing safepoint VM operation: ParallelGCFailedAllocation (Allocation Failure) done
Event: 5.136 Executing non-safepoint VM operation: HandshakeAllThreads (Deoptimize)
Event: 5.136 Executing non-safepoint VM operation: HandshakeAllThreads (Deoptimize) done

Memory protections (0 events):
No events

Nmethod flushes (20 events):
Event: 4.415 Thread 0x000001e3973febc0 flushing  nmethod 0x000001e39cf38a90
Event: 4.415 Thread 0x000001e3973febc0 flushing  nmethod 0x000001e39cf47a10
Event: 4.415 Thread 0x000001e3973febc0 flushing  nmethod 0x000001e39cf49310
Event: 4.415 Thread 0x000001e3973febc0 flushing  nmethod 0x000001e39cf49c10
Event: 4.415 Thread 0x000001e3973febc0 flushing  nmethod 0x000001e39cf4ae10
Event: 4.415 Thread 0x000001e3973febc0 flushing  nmethod 0x000001e39cf4b610
Event: 4.415 Thread 0x000001e3973febc0 flushing  nmethod 0x000001e39cf4bd90
Event: 4.415 Thread 0x000001e3973febc0 flushing  nmethod 0x000001e39cf4c290
Event: 4.415 Thread 0x000001e3973febc0 flushing  nmethod 0x000001e39cf4c710
Event: 4.415 Thread 0x000001e3973febc0 flushing  nmethod 0x000001e39cf4dc10
Event: 4.415 Thread 0x000001e3973febc0 flushing  nmethod 0x000001e39cf4e090
Event: 4.415 Thread 0x000001e3973febc0 flushing  nmethod 0x000001e39cf4ed90
Event: 4.415 Thread 0x000001e3973febc0 flushing  nmethod 0x000001e39cf50010
Event: 4.415 Thread 0x000001e3973febc0 flushing  nmethod 0x000001e39cf51790
Event: 4.415 Thread 0x000001e3973febc0 flushing  nmethod 0x000001e39cf5a790
Event: 4.415 Thread 0x000001e3973febc0 flushing  nmethod 0x000001e39cf6ab90
Event: 4.415 Thread 0x000001e3973febc0 flushing  nmethod 0x000001e39cf8b110
Event: 4.415 Thread 0x000001e3973febc0 flushing  nmethod 0x000001e39cf97c90
Event: 4.415 Thread 0x000001e3973febc0 flushing  nmethod 0x000001e39cf9d990
Event: 4.415 Thread 0x000001e3973febc0 flushing  nmethod 0x000001e39d00c090

Events (20 events):
Event: 4.000 Thread 0x000001e3f3a5c450 Thread added: 0x000001e3f82ef770
Event: 4.166 Thread 0x000001e3f82eea50 Thread added: 0x000001e3f82edd30
Event: 4.192 Thread 0x000001e3f82edd30 Thread added: 0x000001e3f82ef0e0
Event: 4.214 Thread 0x000001e399755790 Thread added: 0x000001e3f82efe00
Event: 4.214 Thread 0x000001e399755790 Thread added: 0x000001e3f82f0490
Event: 4.214 Thread 0x000001e399755790 Thread added: 0x000001e3fa3d1db0
Event: 4.214 Thread 0x000001e399755790 Thread added: 0x000001e3fa3d6c70
Event: 4.214 Thread 0x000001e399755790 Thread added: 0x000001e3fa3d37f0
Event: 4.214 Thread 0x000001e399755790 Thread added: 0x000001e3fa3d65e0
Event: 4.214 Thread 0x000001e399755790 Thread added: 0x000001e3fa3d4510
Event: 4.214 Thread 0x000001e399755790 Thread added: 0x000001e3fa3d4ba0
Event: 4.214 Thread 0x000001e399755790 Thread added: 0x000001e3fa3d5f50
Event: 4.214 Thread 0x000001e399755790 Thread added: 0x000001e3fa3d7300
Event: 4.215 Thread 0x000001e399755790 Thread added: 0x000001e3fa3d3160
Event: 4.215 Thread 0x000001e399755790 Thread added: 0x000001e3fa3d1720
Event: 4.215 Thread 0x000001e399755790 Thread added: 0x000001e3fa3d3e80
Event: 4.249 Thread 0x000001e399755790 Thread added: 0x000001e3fa3d0370
Event: 4.400 Thread 0x000001e399755790 Thread added: 0x000001e3fa3d5230
Event: 4.400 Thread 0x000001e399755790 Thread added: 0x000001e3fa3d58c0
Event: 4.943 Thread 0x000001e3f82edd30 Thread added: 0x000001e3fa3d0a00


Dynamic libraries:
0x00007ff76a680000 - 0x00007ff76a68e000 	c:\Users\praty\.vscode\extensions\redhat.java-1.55.0-win32-x64\jre\21.0.11-win32-x86_64\bin\java.exe
0x00007fff19610000 - 0x00007fff19827000 	C:\windows\SYSTEM32\ntdll.dll
0x00007fff172b0000 - 0x00007fff17374000 	C:\windows\System32\KERNEL32.DLL
0x00007fff16ba0000 - 0x00007fff16f73000 	C:\windows\System32\KERNELBASE.dll
0x00007fff17190000 - 0x00007fff172a1000 	C:\windows\System32\ucrtbase.dll
0x00007ffee3490000 - 0x00007ffee34a8000 	c:\Users\praty\.vscode\extensions\redhat.java-1.55.0-win32-x64\jre\21.0.11-win32-x86_64\bin\jli.dll
0x00007fff17900000 - 0x00007fff17ab1000 	C:\windows\System32\USER32.dll
0x00007fff16a40000 - 0x00007fff16a66000 	C:\windows\System32\win32u.dll
0x00007fff17710000 - 0x00007fff17739000 	C:\windows\System32\GDI32.dll
0x00007fff16a70000 - 0x00007fff16b92000 	C:\windows\System32\gdi32full.dll
0x00007fff16f80000 - 0x00007fff1701a000 	C:\windows\System32\msvcp_win.dll
0x00007ffee2d60000 - 0x00007ffee2d7e000 	c:\Users\praty\.vscode\extensions\redhat.java-1.55.0-win32-x64\jre\21.0.11-win32-x86_64\bin\VCRUNTIME140.dll
0x00007ffef46a0000 - 0x00007ffef493b000 	C:\windows\WinSxS\amd64_microsoft.windows.common-controls_6595b64144ccf1df_6.0.22621.5262_none_2712bde373830908\COMCTL32.dll
0x00007fff17590000 - 0x00007fff17637000 	C:\windows\System32\msvcrt.dll
0x00007fff17b90000 - 0x00007fff17bc1000 	C:\windows\System32\IMM32.DLL
0x00007fff0ede0000 - 0x00007fff0edec000 	c:\Users\praty\.vscode\extensions\redhat.java-1.55.0-win32-x64\jre\21.0.11-win32-x86_64\bin\vcruntime140_1.dll
0x00007ffeaa170000 - 0x00007ffeaa1fd000 	c:\Users\praty\.vscode\extensions\redhat.java-1.55.0-win32-x64\jre\21.0.11-win32-x86_64\bin\msvcp140.dll
0x00007ffe40770000 - 0x00007ffe41512000 	c:\Users\praty\.vscode\extensions\redhat.java-1.55.0-win32-x64\jre\21.0.11-win32-x86_64\bin\server\jvm.dll
0x00007fff17650000 - 0x00007fff17701000 	C:\windows\System32\ADVAPI32.dll
0x00007fff17380000 - 0x00007fff17427000 	C:\windows\System32\sechost.dll
0x00007fff170a0000 - 0x00007fff170c8000 	C:\windows\System32\bcrypt.dll
0x00007fff17f20000 - 0x00007fff18034000 	C:\windows\System32\RPCRT4.dll
0x00007fff19260000 - 0x00007fff192d1000 	C:\windows\System32\WS2_32.dll
0x00007fff16530000 - 0x00007fff1657d000 	C:\windows\SYSTEM32\POWRPROF.dll
0x00007fff02a30000 - 0x00007fff02a3a000 	C:\windows\SYSTEM32\VERSION.dll
0x00007fff0c560000 - 0x00007fff0c594000 	C:\windows\SYSTEM32\WINMM.dll
0x00007fff16510000 - 0x00007fff16523000 	C:\windows\SYSTEM32\UMPDC.dll
0x00007fff15710000 - 0x00007fff15728000 	C:\windows\SYSTEM32\kernel.appcore.dll
0x00007ffee33e0000 - 0x00007ffee33ea000 	c:\Users\praty\.vscode\extensions\redhat.java-1.55.0-win32-x64\jre\21.0.11-win32-x86_64\bin\jimage.dll
0x00007fff14100000 - 0x00007fff14332000 	C:\windows\SYSTEM32\DBGHELP.DLL
0x00007fff18040000 - 0x00007fff183d3000 	C:\windows\System32\combase.dll
0x00007fff17d20000 - 0x00007fff17df7000 	C:\windows\System32\OLEAUT32.dll
0x00007ffeef7b0000 - 0x00007ffeef7e2000 	C:\windows\SYSTEM32\dbgcore.DLL
0x00007fff17020000 - 0x00007fff1709b000 	C:\windows\System32\bcryptPrimitives.dll
0x00007ffee2f00000 - 0x00007ffee2f0f000 	c:\Users\praty\.vscode\extensions\redhat.java-1.55.0-win32-x64\jre\21.0.11-win32-x86_64\bin\instrument.dll
0x00007ffee2b90000 - 0x00007ffee2bb0000 	c:\Users\praty\.vscode\extensions\redhat.java-1.55.0-win32-x64\jre\21.0.11-win32-x86_64\bin\java.dll
0x00007fff183e0000 - 0x00007fff18c7d000 	C:\windows\System32\SHELL32.dll
0x00007fff16880000 - 0x00007fff169bf000 	C:\windows\System32\wintypes.dll
0x00007fff14600000 - 0x00007fff14f1d000 	C:\windows\SYSTEM32\windows.storage.dll
0x00007fff194b0000 - 0x00007fff195bb000 	C:\windows\System32\SHCORE.dll
0x00007fff17ca0000 - 0x00007fff17d06000 	C:\windows\System32\shlwapi.dll
0x00007fff16640000 - 0x00007fff1666b000 	C:\windows\SYSTEM32\profapi.dll
0x00007ffedc910000 - 0x00007ffedc928000 	c:\Users\praty\.vscode\extensions\redhat.java-1.55.0-win32-x64\jre\21.0.11-win32-x86_64\bin\zip.dll
0x00007ffedfd30000 - 0x00007ffedfd40000 	C:\Users\praty\.vscode\extensions\redhat.java-1.55.0-win32-x64\jre\21.0.11-win32-x86_64\bin\net.dll
0x00007fff120e0000 - 0x00007fff1220c000 	C:\windows\SYSTEM32\WINHTTP.dll
0x00007fff15b90000 - 0x00007fff15bfa000 	C:\windows\system32\mswsock.dll
0x00007ffedc8f0000 - 0x00007ffedc906000 	C:\Users\praty\.vscode\extensions\redhat.java-1.55.0-win32-x64\jre\21.0.11-win32-x86_64\bin\nio.dll
0x00007ffedddb0000 - 0x00007ffedddc0000 	c:\Users\praty\.vscode\extensions\redhat.java-1.55.0-win32-x64\jre\21.0.11-win32-x86_64\bin\verify.dll
0x00007ffeaa120000 - 0x00007ffeaa165000 	C:\Users\praty\AppData\Roaming\Code\User\globalStorage\redhat.java\1.55.0\config_win\org.eclipse.equinox.launcher\org.eclipse.equinox.launcher.win32.win32.x86_64_1.3.100.v20260613-0559\eclipse_11924.dll
0x00007fff192e0000 - 0x00007fff19481000 	C:\windows\System32\ole32.dll
0x00007fff15db0000 - 0x00007fff15dcb000 	C:\windows\SYSTEM32\CRYPTSP.dll
0x00007fff15670000 - 0x00007fff156a7000 	C:\windows\system32\rsaenh.dll
0x00007fff15c50000 - 0x00007fff15c78000 	C:\windows\SYSTEM32\USERENV.dll
0x00007fff15dd0000 - 0x00007fff15ddc000 	C:\windows\SYSTEM32\CRYPTBASE.dll
0x00007fff151c0000 - 0x00007fff151ed000 	C:\windows\SYSTEM32\IPHLPAPI.DLL
0x00007fff17d10000 - 0x00007fff17d19000 	C:\windows\System32\NSI.dll
0x00007ffe9e6a0000 - 0x00007ffe9e6e9000 	C:\Users\praty\AppData\Local\Temp\jna-106927460\jna15267173510976083913.dll
0x00007fff195c0000 - 0x00007fff195c8000 	C:\windows\System32\PSAPI.DLL
0x00007fff0f7b0000 - 0x00007fff0f7c9000 	C:\windows\SYSTEM32\dhcpcsvc6.DLL
0x00007fff0f6e0000 - 0x00007fff0f6ff000 	C:\windows\SYSTEM32\dhcpcsvc.DLL

JVMTI agents:
c:\Users\praty\.vscode\extensions\redhat.java-1.55.0-win32-x64\lombok\lombok-1.18.39-4050.jar path:c:\Users\praty\.vscode\extensions\redhat.java-1.55.0-win32-x64\jre\21.0.11-win32-x86_64\bin\instrument.dll, loaded, initialized, instrumentlib options:none

dbghelp: loaded successfully - version: 4.0.5 - missing functions: none
symbol engine: initialized successfully - sym options: 0x614 - pdb path: .;c:\Users\praty\.vscode\extensions\redhat.java-1.55.0-win32-x64\jre\21.0.11-win32-x86_64\bin;C:\windows\SYSTEM32;C:\windows\WinSxS\amd64_microsoft.windows.common-controls_6595b64144ccf1df_6.0.22621.5262_none_2712bde373830908;c:\Users\praty\.vscode\extensions\redhat.java-1.55.0-win32-x64\jre\21.0.11-win32-x86_64\bin\server;C:\Users\praty\AppData\Roaming\Code\User\globalStorage\redhat.java\1.55.0\config_win\org.eclipse.equinox.launcher\org.eclipse.equinox.launcher.win32.win32.x86_64_1.3.100.v20260613-0559;C:\Users\praty\AppData\Local\Temp\jna-106927460

VM Arguments:
jvm_args: --add-modules=ALL-SYSTEM --add-opens=java.base/java.util=ALL-UNNAMED --add-opens=java.base/java.lang=ALL-UNNAMED --add-opens=java.base/sun.nio.fs=ALL-UNNAMED -Declipse.application=org.eclipse.jdt.ls.core.id1 -Dosgi.bundles.defaultStartLevel=4 -Declipse.product=org.eclipse.jdt.ls.core.product -Djava.import.generatesMetadataFilesAtProjectRoot=false -DDetectVMInstallationsJob.disabled=true -Dfile.encoding=utf8 -XX:+UseParallelGC -XX:GCTimeRatio=4 -XX:AdaptiveSizePolicyWeight=90 -Dsun.zip.disableMemoryMapping=true -Xmx2G -Xms100m -Xlog:disable -javaagent:c:\Users\praty\.vscode\extensions\redhat.java-1.55.0-win32-x64\lombok\lombok-1.18.39-4050.jar -XX:+HeapDumpOnOutOfMemoryError -XX:HeapDumpPath=c:\Users\praty\AppData\Roaming\Code\User\workspaceStorage\5d4e2192aa13900e99f9e6535f41197a\redhat.java -Daether.dependencyCollector.impl=bf 
java_command: c:\Users\praty\.vscode\extensions\redhat.java-1.55.0-win32-x64\server\plugins\org.eclipse.equinox.launcher_1.7.200.v20260619-2039.jar -configuration c:\Users\praty\AppData\Roaming\Code\User\globalStorage\redhat.java\1.55.0\config_win -data c:\Users\praty\AppData\Roaming\Code\User\workspaceStorage\5d4e2192aa13900e99f9e6535f41197a\redhat.java\jdt_ws --pipe=\\.\pipe\lsp-78e56fd260b66aa5d632814157647904-sock
java_class_path (initial): c:\Users\praty\.vscode\extensions\redhat.java-1.55.0-win32-x64\server\plugins\org.eclipse.equinox.launcher_1.7.200.v20260619-2039.jar
Launcher Type: SUN_STANDARD

[Global flags]
    uintx AdaptiveSizePolicyWeight                 = 90                                        {product} {command line}
     intx CICompilerCount                          = 4                                         {product} {ergonomic}
    uintx GCTimeRatio                              = 4                                         {product} {command line}
     bool HeapDumpOnOutOfMemoryError               = true                                   {manageable} {command line}
    ccstr HeapDumpPath                             = c:\Users\praty\AppData\Roaming\Code\User\workspaceStorage\5d4e2192aa13900e99f9e6535f41197a\redhat.java         {manageable} {command line}
   size_t InitialHeapSize                          = 104857600                                 {product} {command line}
   size_t MaxHeapSize                              = 2147483648                                {product} {command line}
   size_t MaxNewSize                               = 715653120                                 {product} {ergonomic}
   size_t MinHeapDeltaBytes                        = 524288                                    {product} {ergonomic}
   size_t MinHeapSize                              = 104857600                                 {product} {command line}
   size_t NewSize                                  = 34603008                                  {product} {ergonomic}
    uintx NonNMethodCodeHeapSize                   = 5839372                                {pd product} {ergonomic}
    uintx NonProfiledCodeHeapSize                  = 122909434                              {pd product} {ergonomic}
   size_t OldSize                                  = 70254592                                  {product} {ergonomic}
    uintx ProfiledCodeHeapSize                     = 122909434                              {pd product} {ergonomic}
    uintx ReservedCodeCacheSize                    = 251658240                              {pd product} {ergonomic}
     bool SegmentedCodeCache                       = true                                      {product} {ergonomic}
   size_t SoftMaxHeapSize                          = 2147483648                             {manageable} {ergonomic}
     bool UseCompressedOops                        = true                           {product lp64_product} {ergonomic}
     bool UseLargePagesIndividualAllocation        = false                                  {pd product} {ergonomic}
     bool UseParallelGC                            = true                                      {product} {command line}

Logging:
Log output configuration:
 #0: stdout all=off uptime,level,tags foldmultilines=false
 #1: stderr all=off uptime,level,tags foldmultilines=false

Release file:
JAVA_VERSION="21.0.11" 
MODULES="java.base java.compiler java.datatransfer java.xml java.prefs java.desktop java.instrument java.logging java.management java.security.sasl java.naming java.rmi java.management.rmi java.net.http java.scripting java.security.jgss java.transaction.xa java.sql java.sql.rowset java.xml.crypto java.se java.smartcardio jdk.accessibility jdk.internal.jvmstat jdk.attach jdk.charsets jdk.internal.opt jdk.zipfs jdk.compiler jdk.crypto.ec jdk.crypto.cryptoki jdk.crypto.mscapi jdk.dynalink jdk.internal.ed jdk.editpad jdk.hotspot.agent jdk.httpserver jdk.internal.le jdk.internal.vm.ci jdk.internal.vm.compiler jdk.internal.vm.compiler.management jdk.jartool jdk.javadoc jdk.jcmd jdk.management jdk.management.agent jdk.jconsole jdk.jdeps jdk.jdwp.agent jdk.jdi jdk.jfr jdk.jshell jdk.jsobject jdk.jstatd jdk.localedata jdk.management.jfr jdk.naming.dns jdk.naming.rmi jdk.net jdk.nio.mapmode jdk.random jdk.sctp jdk.security.auth jdk.security.jgss jdk.unsupported jdk.unsupported.desktop jdk.xml.dom" 

Environment Variables:
JAVA_HOME=C:\Program Files\Java\jdk-23
PATH=C:\windows\system32;C:\windows;C:\windows\System32\Wbem;C:\windows\System32\WindowsPowerShell\v1.0\;C:\windows\System32\OpenSSH\;C:\MinGW\bin;C:\Program Files\dotnet\;C:\Program Files\Java\jdk-23\bin;C:\Program Files\Java\jdk-23\bin;C:\Program Files\MySQL\MySQL Server 8.0\bin;C:\ProgramData\chocolatey\bin;D:\Git\cmd;D:\nvm;D:\nodejs;C:\Program Files\Cloudflare\Cloudflare WARP\;C:\Users\praty\AppData\Local\Programs\Eclipse Adoptium\jdk-21.0.11.10-hotspot\bin;C:\Users\praty\AppData\Local\Microsoft\WindowsApps;C:\MinGW\bin;C:\Users\praty\AppData\Local\Microsoft\WindowsApps\PythonSoftwareFoundation.Python.3.12_qbz5n2kfra8p0\python.exe;C:\Users\praty\AppData\Local\Programs\Microsoft VS Code\bin;C:\Users\praty\AppData\Local\GitHubDesktop\bin;D:\Antigravity\bin;D:\nvm;D:\nodejs
USERNAME=praty
OS=Windows_NT
PROCESSOR_IDENTIFIER=Intel64 Family 6 Model 154 Stepping 4, GenuineIntel
TMP=C:\Users\praty\AppData\Local\Temp
TEMP=C:\Users\praty\AppData\Local\Temp




Periodic native trim disabled

---------------  S Y S T E M  ---------------

OS:
 Windows 11 , 64 bit Build 22621 (10.0.22621.5262)
OS uptime: 0 days 2:39 hours
Hyper-V role detected

CPU: total 12 (initial active 12) (6 cores per cpu, 2 threads per core) family 6 model 154 stepping 4 microcode 0x42c, cx8, cmov, fxsr, ht, mmx, 3dnowpref, sse, sse2, sse3, ssse3, sse4.1, sse4.2, popcnt, lzcnt, tsc, tscinvbit, avx, avx2, aes, erms, clmul, bmi1, bmi2, adx, sha, fma, vzeroupper, clflush, clflushopt, clwb, hv, serialize, rdtscp, rdpid, fsrm, f16c, cet_ibt, cet_ss
Processor Information for processor 0
  Max Mhz: 1300, Current Mhz: 1300, Mhz Limit: 1300
Processor Information for processor 1
  Max Mhz: 1300, Current Mhz: 1300, Mhz Limit: 1300
Processor Information for processor 2
  Max Mhz: 1300, Current Mhz: 1300, Mhz Limit: 1300
Processor Information for processor 3
  Max Mhz: 1300, Current Mhz: 1300, Mhz Limit: 1300
Processor Information for processor 4
  Max Mhz: 1300, Current Mhz: 900, Mhz Limit: 897
Processor Information for processor 5
  Max Mhz: 1300, Current Mhz: 900, Mhz Limit: 897
Processor Information for processor 6
  Max Mhz: 1300, Current Mhz: 900, Mhz Limit: 897
Processor Information for processor 7
  Max Mhz: 1300, Current Mhz: 900, Mhz Limit: 897
Processor Information for processor 8
  Max Mhz: 1300, Current Mhz: 900, Mhz Limit: 897
Processor Information for processor 9
  Max Mhz: 1300, Current Mhz: 900, Mhz Limit: 897
Processor Information for processor 10
  Max Mhz: 1300, Current Mhz: 900, Mhz Limit: 897
Processor Information for processor 11
  Max Mhz: 1300, Current Mhz: 900, Mhz Limit: 897

Memory: 4k page, system-wide physical 7860M (357M free)
TotalPageFile size 18298M (AvailPageFile size 5M)
current process WorkingSet (physical memory assigned to process): 201M, peak: 205M
current process commit charge ("private bytes"): 331M, peak: 333M

vm_info: OpenJDK 64-Bit Server VM (21.0.11+10-LTS) for windows-amd64 JRE (21.0.11+10-LTS), built on 2026-04-21T00:00:00Z by "admin" with MS VC++ 17.12 (VS2022)

END.
